SF:lib\core\error\failure.dart
DA:6,40
DA:8,0
DA:9,0
DA:13,0
DA:18,6
DA:22,0
DA:26,4
DA:30,0
DA:34,30
LF:9
LH:4
end_of_record
SF:lib\features\auth\domain\use_case\forgot_password_usecase.dart
DA:8,1
DA:10,1
DA:12,2
LF:3
LH:3
end_of_record
SF:lib\features\auth\domain\entity\user_entity.dart
DA:11,2
DA:20,0
DA:21,0
LF:3
LH:1
end_of_record
SF:lib\app\constant\api_endpoints.dart
DA:2,0
DA:20,0
DA:27,0
DA:35,0
DA:39,0
LF:5
LH:0
end_of_record
SF:lib\app\constant\hive_table_constant.dart
DA:41,0
LF:1
LH:0
end_of_record
SF:lib\app\shared_pref\token_shared_pref.dart
DA:9,0
DA:12,0
DA:14,0
DA:17,0
DA:21,0
DA:23,0
DA:24,0
DA:26,0
DA:30,0
DA:32,0
DA:35,0
LF:11
LH:0
end_of_record
SF:lib\core\network\api_service.dart
DA:12,0
DA:14,0
DA:15,0
DA:16,0
DA:17,0
DA:18,0
DA:19,0
DA:20,0
DA:21,0
DA:27,0
DA:28,0
DA:29,0
DA:30,0
DA:32,0
DA:33,0
DA:34,0
DA:36,0
DA:37,0
DA:38,0
DA:42,0
DA:46,0
DA:52,0
DA:53,0
DA:56,0
DA:57,0
DA:60,0
DA:61,0
DA:64,0
DA:65,0
LF:29
LH:0
end_of_record
SF:lib\core\network\dio_error_interceptor.dart
DA:4,0
DA:8,0
DA:9,0
DA:10,0
DA:12,0
DA:13,0
DA:22,0
DA:23,0
DA:24,0
DA:26,0
DA:29,0
LF:11
LH:0
end_of_record
SF:lib\core\utils\backend-image.dart
DA:3,0
DA:4,0
DA:7,0
DA:8,0
LF:4
LH:0
end_of_record
SF:lib\features\category\data\model\category_api_model.dart
DA:12,0
DA:16,0
DA:17,0
DA:18,0
DA:19,0
DA:20,0
DA:21,0
LF:7
LH:0
end_of_record
SF:lib\features\category\data\model\category_api_model.g.dart
DA:9,0
DA:10,0
DA:11,0
DA:12,0
DA:15,0
DA:16,0
DA:17,0
DA:18,0
LF:8
LH:0
end_of_record
SF:lib\features\category\domain\entity\category_entity.dart
DA:7,0
DA:12,0
DA:13,0
LF:3
LH:0
end_of_record
SF:lib\features\home\data\data_source\local_datasource\home_local_data_source.dart
DA:14,0
DA:16,0
DA:17,0
DA:18,0
DA:21,0
DA:23,0
DA:24,0
DA:25,0
LF:8
LH:0
end_of_record
SF:lib\features\home\data\model\home_data_hive_model.dart
DA:21,0
DA:23,0
DA:24,0
DA:25,0
DA:26,0
DA:29,0
DA:30,0
DA:31,0
DA:32,0
DA:33,0
LF:10
LH:0
end_of_record
SF:lib\features\home\data\model\home_data_hive_model.g.dart
DA:13,0
DA:15,0
DA:16,0
DA:17,0
DA:19,0
DA:20,0
DA:21,0
DA:22,0
DA:25,0
DA:28,0
DA:29,0
DA:30,0
DA:31,0
DA:32,0
DA:33,0
DA:34,0
DA:37,0
DA:38,0
DA:40,0
DA:43,0
DA:44,0
DA:45,0
LF:22
LH:0
end_of_record
SF:lib\features\home\domain\entity\home_entity.dart
DA:11,4
DA:17,0
DA:18,0
LF:3
LH:1
end_of_record
SF:lib\features\home\data\data_source\remote_data_source\home_remote_data_source.dart
DA:15,0
DA:17,0
DA:20,0
DA:21,0
DA:22,0
DA:23,0
DA:24,0
DA:28,0
DA:30,0
DA:32,0
DA:34,0
DA:36,0
DA:37,0
DA:39,0
DA:40,0
DA:41,0
DA:43,0
DA:44,0
DA:45,0
DA:46,0
DA:53,0
DA:54,0
DA:55,0
DA:59,0
LF:24
LH:0
end_of_record
SF:lib\features\home\domain\entity\home_section_entity.dart
DA:9,0
DA:11,0
DA:12,0
DA:13,0
DA:17,0
DA:18,0
DA:19,0
LF:7
LH:0
end_of_record
SF:lib\features\product\data\model\product_api_model.dart
DA:31,0
DA:52,0
DA:53,0
DA:55,0
DA:57,0
DA:58,0
DA:62,0
DA:64,0
DA:68,0
DA:69,0
DA:70,0
DA:71,0
DA:72,0
DA:73,0
DA:74,0
DA:75,0
DA:76,0
DA:77,0
DA:78,0
DA:79,0
DA:80,0
DA:81,0
DA:82,0
DA:83,0
DA:84,0
DA:85,0
DA:86,0
LF:27
LH:0
end_of_record
SF:lib\features\product\data\model\product_api_model.g.dart
DA:9,0
DA:10,0
DA:11,0
DA:12,0
DA:13,0
DA:14,0
DA:15,0
DA:16,0
DA:17,0
DA:18,0
DA:19,0
DA:20,0
DA:21,0
DA:22,0
DA:23,0
DA:25,0
DA:26,0
DA:27,0
DA:28,0
DA:29,0
DA:30,0
DA:31,0
DA:34,0
DA:35,0
DA:36,0
DA:37,0
DA:38,0
DA:39,0
DA:40,0
DA:41,0
DA:42,0
DA:43,0
DA:44,0
DA:45,0
DA:46,0
DA:47,0
DA:48,0
DA:49,0
DA:50,0
DA:51,0
DA:52,0
DA:53,0
LF:42
LH:0
end_of_record
SF:lib\features\ribbon\data\model\ribbon_api_model.dart
DA:13,0
DA:15,0
DA:16,0
DA:18,0
DA:20,0
LF:5
LH:0
end_of_record
SF:lib\features\ribbon\data\model\ribbon_api_model.g.dart
DA:9,0
DA:10,0
DA:11,0
DA:12,0
DA:13,0
DA:16,0
DA:17,0
DA:18,0
DA:19,0
DA:20,0
LF:10
LH:0
end_of_record
SF:lib\features\home\data\model\category_hive_model.dart
DA:15,0
DA:17,0
DA:18,0
DA:19,0
DA:22,0
DA:23,0
LF:6
LH:0
end_of_record
SF:lib\features\home\data\model\category_hive_model.g.dart
DA:13,0
DA:15,0
DA:16,0
DA:17,0
DA:19,0
DA:20,0
DA:21,0
DA:24,0
DA:27,0
DA:28,0
DA:29,0
DA:30,0
DA:31,0
DA:34,0
DA:35,0
DA:37,0
DA:40,0
DA:41,0
DA:42,0
LF:19
LH:0
end_of_record
SF:lib\features\home\data\model\home_section_hive_model.g.dart
DA:13,0
DA:15,0
DA:16,0
DA:17,0
DA:19,0
DA:20,0
DA:21,0
DA:24,0
DA:27,0
DA:28,0
DA:29,0
DA:30,0
DA:31,0
DA:34,0
DA:35,0
DA:37,0
DA:40,0
DA:41,0
DA:42,0
LF:19
LH:0
end_of_record
SF:lib\features\home\data\model\home_section_hive_model.dart
DA:17,0
DA:19,0
DA:20,0
DA:21,0
DA:24,0
DA:25,0
DA:26,0
DA:27,0
LF:8
LH:0
end_of_record
SF:lib\features\product\data\model\product_hive_model.dart
DA:63,0
DA:65,0
DA:66,0
DA:67,0
DA:68,0
DA:69,0
DA:70,0
DA:71,0
DA:72,0
DA:73,0
DA:74,0
DA:75,0
DA:76,0
DA:77,0
DA:78,0
DA:79,0
DA:80,0
DA:81,0
DA:82,0
DA:83,0
DA:86,0
DA:87,0
DA:88,0
DA:89,0
DA:90,0
DA:91,0
DA:92,0
DA:93,0
DA:94,0
DA:95,0
DA:96,0
DA:97,0
DA:98,0
DA:99,0
DA:100,0
DA:101,0
DA:102,0
DA:103,0
DA:104,0
DA:105,0
LF:40
LH:0
end_of_record
SF:lib\features\product\data\model\product_hive_model.g.dart
DA:13,0
DA:15,0
DA:16,0
DA:17,0
DA:19,0
DA:20,0
DA:21,0
DA:22,0
DA:23,0
DA:24,0
DA:25,0
DA:26,0
DA:27,0
DA:28,0
DA:29,0
DA:30,0
DA:31,0
DA:32,0
DA:33,0
DA:34,0
DA:35,0
DA:36,0
DA:37,0
DA:40,0
DA:43,0
DA:44,0
DA:45,0
DA:46,0
DA:47,0
DA:48,0
DA:49,0
DA:50,0
DA:51,0
DA:52,0
DA:53,0
DA:54,0
DA:55,0
DA:56,0
DA:57,0
DA:58,0
DA:59,0
DA:60,0
DA:61,0
DA:62,0
DA:63,0
DA:64,0
DA:65,0
DA:66,0
DA:67,0
DA:68,0
DA:69,0
DA:70,0
DA:71,0
DA:72,0
DA:73,0
DA:74,0
DA:75,0
DA:76,0
DA:77,0
DA:78,0
DA:79,0
DA:82,0
DA:83,0
DA:85,0
DA:88,0
DA:89,0
DA:90,0
LF:67
LH:0
end_of_record
SF:lib\features\home\data\model\ribbon_hive_model.dart
DA:15,0
DA:17,0
DA:18,0
DA:19,0
DA:22,0
DA:23,0
DA:24,0
DA:25,0
LF:8
LH:0
end_of_record
SF:lib\features\home\data\model\ribbon_hive_model.g.dart
DA:13,0
DA:15,0
DA:16,0
DA:17,0
DA:19,0
DA:20,0
DA:21,0
DA:24,0
DA:27,0
DA:28,0
DA:29,0
DA:30,0
DA:31,0
DA:34,0
DA:35,0
DA:37,0
DA:40,0
DA:41,0
DA:42,0
LF:19
LH:0
end_of_record
SF:lib\features\ribbon\domain\entity\ribbon_entity.dart
DA:8,0
DA:14,0
DA:15,0
LF:3
LH:0
end_of_record
SF:lib\features\home\data\repository\home_repository_impl.dart
DA:103,2
DA:106,2
DA:108,4
DA:110,2
DA:113,4
DA:116,2
DA:119,2
DA:122,0
DA:128,4
DA:130,4
DA:131,2
DA:136,4
DA:138,2
DA:141,6
DA:145,0
LF:15
LH:13
end_of_record
SF:lib\features\product\domain\entity\product_entity.dart
DA:23,1
DA:45,0
DA:65,0
DA:66,0
DA:67,0
DA:68,0
DA:69,0
DA:70,0
DA:71,0
DA:72,0
DA:73,0
DA:74,0
DA:75,0
DA:76,0
DA:77,0
DA:78,0
DA:79,0
DA:80,0
DA:81,0
DA:82,0
DA:83,0
DA:87,0
DA:88,0
LF:23
LH:1
end_of_record
SF:lib\features\auth\domain\use_case\reset_password_usecase.dart
DA:10,1
DA:12,0
DA:13,0
DA:18,1
DA:20,1
DA:22,4
LF:6
LH:4
end_of_record
SF:lib\features\auth\domain\use_case\user_login_usecase.dart
DA:12,3
DA:14,1
DA:17,0
DA:18,0
DA:25,1
DA:31,1
DA:33,2
DA:34,1
DA:35,1
DA:37,1
DA:38,2
DA:39,1
DA:40,2
DA:41,1
DA:42,0
DA:43,2
DA:49,0
DA:50,0
LF:18
LH:13
end_of_record
SF:lib\features\auth\domain\use_case\user_register_usecase.dart
DA:15,2
DA:22,0
DA:23,0
DA:30,1
DA:36,1
DA:38,1
DA:39,1
DA:40,1
DA:41,1
DA:42,1
DA:44,2
DA:45,1
DA:46,1
DA:47,1
DA:49,1
DA:50,2
DA:51,3
LF:17
LH:15
end_of_record
SF:lib\features\auth\presentation\view\forgot_password_view.dart
DA:8,4
DA:10,1
DA:12,1
DA:13,1
DA:15,1
DA:16,1
DA:17,1
DA:18,3
DA:19,1
DA:20,1
DA:21,2
DA:22,2
DA:23,1
DA:24,2
DA:29,2
DA:30,0
DA:36,0
DA:39,1
DA:40,2
DA:43,1
DA:45,1
DA:47,1
DA:49,1
DA:55,1
DA:59,1
DA:60,2
DA:67,1
DA:68,1
DA:69,2
DA:71,1
DA:72,4
LF:31
LH:29
end_of_record
SF:lib\features\auth\presentation\view_model\forget_password\forgot_password_event.dart
DA:4,3
DA:5,0
DA:6,0
DA:11,3
LF:4
LH:2
end_of_record
SF:lib\features\auth\presentation\view_model\forget_password\forgot_password_state.dart
DA:9,11
DA:14,1
DA:18,1
DA:19,0
DA:20,1
DA:24,1
DA:25,3
LF:7
LH:6
end_of_record
SF:lib\features\auth\presentation\view_model\forget_password\forgot_password_viewmodel.dart
DA:9,2
DA:10,2
DA:13,1
DA:14,3
DA:15,3
DA:16,1
DA:17,5
DA:18,4
LF:8
LH:8
end_of_record
SF:lib\app\service_locator\service_locator.dart
DA:739,3
DA:741,0
DA:743,0
DA:744,0
DA:745,0
DA:746,0
DA:747,0
DA:748,0
DA:751,0
DA:752,0
DA:753,0
DA:754,0
DA:755,0
DA:756,0
DA:759,0
DA:760,0
DA:761,0
DA:762,0
DA:763,0
DA:764,0
DA:765,0
DA:766,0
DA:767,0
DA:770,0
DA:771,0
DA:772,0
DA:773,0
DA:774,0
DA:775,0
DA:776,0
DA:777,0
DA:778,0
DA:779,0
DA:780,0
DA:781,0
DA:782,0
DA:783,0
DA:784,0
DA:785,0
DA:786,0
DA:787,0
DA:788,0
DA:789,0
DA:793,0
DA:794,0
DA:797,0
DA:798,0
DA:799,0
DA:800,0
DA:801,0
DA:802,0
DA:803,0
DA:805,0
DA:806,0
DA:809,0
DA:811,0
DA:812,0
DA:813,0
DA:816,0
DA:817,0
DA:818,0
DA:819,0
DA:820,0
DA:824,0
DA:825,0
DA:828,0
DA:829,0
DA:833,0
DA:834,0
DA:835,0
DA:836,0
DA:837,0
DA:838,0
DA:839,0
DA:841,0
DA:842,0
DA:843,0
DA:844,0
DA:850,0
DA:851,0
DA:852,0
DA:853,0
DA:854,0
DA:855,0
DA:856,0
DA:857,0
DA:858,0
DA:859,0
DA:860,0
DA:861,0
DA:862,0
DA:863,0
DA:867,0
DA:869,0
DA:870,0
DA:873,0
DA:874,0
DA:875,0
DA:876,0
DA:877,0
DA:881,0
DA:882,0
DA:883,0
DA:884,0
DA:887,0
DA:888,0
DA:889,0
DA:891,0
DA:892,0
DA:893,0
DA:896,0
DA:897,0
DA:898,0
DA:899,0
DA:900,0
DA:901,0
DA:902,0
DA:903,0
DA:904,0
DA:905,0
DA:906,0
DA:907,0
DA:908,0
DA:909,0
DA:911,0
DA:914,0
DA:915,0
DA:919,0
DA:920,0
DA:921,0
DA:922,0
DA:923,0
DA:924,0
DA:925,0
DA:926,0
DA:927,0
DA:928,0
DA:929,0
LF:138
LH:1
end_of_record
SF:lib\core\network\hive_service.dart
DA:14,0
DA:15,0
DA:16,0
DA:17,0
DA:18,0
DA:20,0
DA:21,0
DA:23,0
DA:24,0
DA:26,0
DA:27,0
DA:29,0
DA:30,0
DA:32,0
DA:33,0
DA:35,0
DA:36,0
DA:38,0
DA:39,0
DA:43,0
DA:44,0
DA:47,0
DA:50,0
DA:51,0
DA:55,0
DA:56,0
DA:58,0
DA:61,0
DA:66,0
DA:67,0
DA:70,0
DA:71,0
LF:32
LH:0
end_of_record
SF:lib\core\secure_storage\auth_secure_storage.dart
DA:9,0
DA:10,0
DA:11,0
DA:14,0
DA:15,0
DA:16,0
DA:19,0
DA:24,0
DA:25,0
DA:26,0
LF:10
LH:0
end_of_record
SF:lib\features\auth\data\data_source\local_datasource\user_local_data_source.dart
DA:9,0
DA:12,0
DA:15,0
DA:16,0
DA:19,0
DA:22,0
DA:26,0
DA:29,0
DA:30,0
DA:32,0
DA:36,0
DA:41,0
DA:43,0
DA:46,0
DA:48,0
DA:51,0
DA:53,0
LF:17
LH:0
end_of_record
SF:lib\features\auth\data\data_source\remote_data_source\user_remote_data_source.dart
DA:10,0
DA:13,0
DA:16,0
DA:18,0
DA:20,0
DA:21,0
DA:24,0
DA:26,0
DA:27,0
DA:29,0
DA:33,0
DA:36,0
DA:37,0
DA:39,0
DA:41,0
DA:44,0
DA:45,0
DA:48,0
DA:49,0
DA:51,0
DA:54,0
DA:57,0
DA:59,0
DA:61,0
DA:62,0
DA:63,0
DA:64,0
DA:69,0
DA:72,0
DA:74,0
DA:76,0
DA:77,0
DA:79,0
DA:81,0
DA:82,0
DA:84,0
DA:87,0
DA:90,0
DA:92,0
DA:99,0
DA:102,0
DA:103,0
DA:104,0
LF:43
LH:0
end_of_record
SF:lib\features\auth\data\repository\remote_repository\user_remote_repository.dart
DA:11,0
DA:15,0
DA:18,0
DA:19,0
DA:21,0
DA:25,0
DA:28,0
DA:31,0
DA:35,0
DA:38,0
DA:41,0
DA:45,0
DA:48,0
DA:49,0
DA:51,0
DA:54,0
DA:57,0
DA:59,0
DA:60,0
DA:62,0
DA:66,0
DA:69,0
DA:71,0
DA:72,0
DA:74,0
LF:25
LH:0
end_of_record
SF:lib\features\auth\domain\use_case\login_with_google_usecase.dart
DA:9,0
DA:11,0
DA:13,0
LF:3
LH:0
end_of_record
SF:lib\features\auth\domain\use_case\register_fcm_token_usecase.dart
DA:9,0
DA:11,0
DA:13,0
LF:3
LH:0
end_of_record
SF:lib\features\auth\presentation\view_model\login_view_model\login_view_model.dart
DA:21,1
DA:34,1
DA:35,2
DA:36,1
DA:38,2
DA:39,2
DA:40,2
DA:41,2
DA:44,1
DA:46,1
DA:47,0
DA:50,0
DA:51,0
DA:54,3
DA:58,1
DA:62,2
DA:63,1
DA:64,3
DA:67,1
DA:71,1
DA:72,3
DA:73,5
DA:75,1
DA:76,1
DA:77,1
DA:78,6
DA:79,3
DA:81,1
DA:82,1
DA:84,4
DA:85,1
DA:86,3
DA:91,1
DA:96,2
DA:99,2
DA:105,2
DA:107,5
DA:111,0
DA:115,1
DA:119,1
DA:120,3
DA:122,2
DA:124,2
DA:127,1
DA:128,3
DA:132,1
DA:133,1
DA:136,0
DA:139,2
DA:141,1
DA:142,0
DA:143,0
DA:144,0
DA:145,0
DA:147,1
DA:148,2
DA:149,1
DA:151,1
DA:152,3
DA:156,0
DA:157,0
DA:158,0
DA:159,0
LF:63
LH:50
end_of_record
SF:lib\features\auth\presentation\view_model\register_view_model\register_view_model.dart
DA:10,2
DA:11,2
DA:14,1
DA:18,1
DA:19,3
DA:21,3
DA:22,1
DA:23,1
DA:24,1
DA:25,1
DA:28,1
DA:30,1
DA:31,1
DA:32,3
DA:33,3
DA:35,3
DA:37,1
DA:38,3
LF:18
LH:18
end_of_record
SF:lib\features\auth\presentation\view_model\reset_password\reset_password_viewmodel.dart
DA:9,0
DA:10,0
DA:13,0
DA:17,0
DA:18,0
DA:19,0
DA:21,0
DA:22,0
DA:23,0
LF:9
LH:0
end_of_record
SF:lib\features\cart\data\data_source\local_datasource\cart_local_data_source.dart
DA:122,0
DA:124,0
DA:126,0
DA:127,0
DA:128,0
DA:129,0
DA:132,0
DA:133,0
DA:134,0
DA:143,0
DA:145,0
DA:146,0
DA:147,0
DA:149,0
DA:150,0
DA:157,0
DA:159,0
DA:162,0
DA:164,0
DA:166,0
DA:167,0
DA:168,0
DA:169,0
DA:171,0
DA:177,0
DA:179,0
LF:26
LH:0
end_of_record
SF:lib\features\cart\data\repository\cart_repository_impl.dart
DA:93,0
DA:95,0
DA:98,0
DA:101,0
DA:105,0
DA:108,0
DA:109,0
DA:111,0
DA:115,0
DA:118,0
DA:121,0
DA:125,0
DA:128,0
DA:131,0
DA:136,0
DA:139,0
DA:142,0
LF:17
LH:0
end_of_record
SF:lib\features\cart\domain\use_case\add_product_to_cart_usecase.dart
DA:7,0
DA:9,0
DA:10,0
LF:3
LH:0
end_of_record
SF:lib\features\cart\domain\use_case\clear_cart_usecase.dart
DA:9,0
DA:11,0
DA:13,0
LF:3
LH:0
end_of_record
SF:lib\features\cart\domain\use_case\get_cart_usecase.dart
DA:9,0
DA:11,0
DA:13,0
LF:3
LH:0
end_of_record
SF:lib\features\cart\domain\use_case\remove_product_from_cart_usecase.dart
DA:9,0
DA:10,0
DA:12,0
LF:3
LH:0
end_of_record
SF:lib\features\cart\domain\use_case\update_item_quantity_usecase.dart
DA:11,0
DA:13,0
DA:14,0
DA:21,0
DA:23,0
DA:25,0
LF:6
LH:0
end_of_record
SF:lib\features\cart\presentation\view_model\cart_viewmodel.dart
DA:126,0
DA:139,0
DA:140,0
DA:141,0
DA:142,0
DA:143,0
DA:145,0
DA:148,0
DA:149,0
DA:150,0
DA:151,0
DA:152,0
DA:153,0
DA:157,0
DA:158,0
DA:159,0
DA:162,0
DA:163,0
DA:164,0
DA:167,0
DA:168,0
DA:169,0
DA:170,0
DA:172,0
DA:173,0
DA:175,0
DA:176,0
DA:179,0
DA:180,0
DA:182,0
DA:186,0
DA:187,0
DA:188,0
DA:189,0
DA:191,0
LF:35
LH:0
end_of_record
SF:lib\features\category\data\data_source\remote_data_source\category_remote_data_source.dart
DA:12,0
DA:14,0
DA:17,0
DA:19,0
DA:20,0
DA:22,0
DA:23,0
DA:26,0
DA:28,0
DA:29,0
DA:31,0
LF:11
LH:0
end_of_record
SF:lib\features\category\domain\use_case\get_all_categories_usecase.dart
DA:49,0
DA:51,0
DA:53,0
DA:54,0
DA:55,0
DA:56,0
DA:58,0
LF:7
LH:0
end_of_record
SF:lib\features\explore\data\data_source\local_datasource\explore_local_data_source.dart
DA:17,0
DA:19,0
DA:20,0
DA:21,0
DA:23,0
DA:24,0
DA:27,0
DA:29,0
DA:30,0
DA:31,0
DA:33,0
DA:34,0
LF:12
LH:0
end_of_record
SF:lib\features\explore\data\data_source\remote_data_source\explore_remote_data_source.dart
DA:12,0
DA:14,0
DA:17,0
DA:19,0
DA:20,0
DA:22,0
DA:23,0
DA:26,0
DA:28,0
DA:29,0
DA:31,0
LF:11
LH:0
end_of_record
SF:lib\features\explore\data\repository\explore_repository_impl.dart
DA:138,0
DA:148,0
DA:150,0
DA:152,0
DA:155,0
DA:156,0
DA:157,0
DA:163,0
DA:164,0
DA:166,0
DA:167,0
DA:170,0
DA:172,0
DA:175,0
DA:180,0
DA:184,0
DA:186,0
DA:189,0
DA:191,0
DA:194,0
LF:20
LH:0
end_of_record
SF:lib\features\explore\domain\use_case\get_all_products_usecase.dart
DA:47,0
DA:49,0
DA:51,0
LF:3
LH:0
end_of_record
SF:lib\features\explore\presentation\view_model\explore_viewmodel.dart
DA:150,0
DA:153,0
DA:154,0
DA:155,0
DA:156,0
DA:157,0
DA:160,0
DA:165,0
DA:166,0
DA:169,0
DA:171,0
DA:172,0
DA:173,0
DA:176,0
DA:182,0
DA:187,0
DA:188,0
DA:189,0
DA:192,0
DA:193,0
DA:194,0
DA:197,0
DA:198,0
DA:199,0
DA:203,0
DA:205,0
DA:208,0
DA:209,0
DA:210,0
DA:211,0
DA:215,0
DA:216,0
DA:217,0
DA:218,0
DA:222,0
DA:223,0
DA:224,0
DA:226,0
DA:227,0
DA:229,0
DA:230,0
DA:232,0
DA:238,0
LF:43
LH:0
end_of_record
SF:lib\features\home\domain\use_case\get_home_data_usecase.dart
DA:10,1
DA:11,1
DA:13,2
LF:3
LH:3
end_of_record
SF:lib\features\home\presentation\view_model\home_viewmodel.dart
DA:114,0
DA:117,0
DA:118,0
DA:119,0
DA:122,0
DA:126,0
DA:127,0
DA:129,0
DA:132,0
DA:134,0
DA:135,0
DA:136,0
DA:137,0
DA:138,0
DA:143,0
DA:147,0
DA:149,0
DA:151,0
DA:153,0
DA:161,0
DA:162,0
DA:163,0
DA:164,0
DA:167,0
DA:168,0
DA:170,0
DA:171,0
DA:172,0
DA:173,0
DA:174,0
DA:175,0
DA:178,0
DA:179,0
DA:180,0
DA:181,0
DA:184,0
DA:187,0
LF:37
LH:0
end_of_record
SF:lib\features\notification\data\data_source\remote_data_source\notification_remote_data_source.dart
DA:15,0
DA:17,0
DA:20,0
DA:21,0
DA:22,0
DA:23,0
DA:24,0
DA:28,0
DA:31,0
DA:33,0
DA:34,0
DA:38,0
DA:41,0
DA:43,0
DA:44,0
LF:15
LH:0
end_of_record
SF:lib\features\notification\data\repository\notification_repository_impl.dart
DA:10,0
DA:12,0
DA:15,0
DA:16,0
DA:17,0
DA:18,0
DA:19,0
DA:23,0
DA:26,0
DA:27,0
DA:28,0
DA:29,0
DA:33,0
DA:36,0
DA:37,0
DA:38,0
DA:39,0
LF:17
LH:0
end_of_record
SF:lib\features\notification\domain\use_case\get_notifications_usecase.dart
DA:10,0
DA:12,0
DA:14,0
LF:3
LH:0
end_of_record
SF:lib\features\notification\domain\use_case\mark_all_as_read_usecase.dart
DA:9,0
DA:11,0
DA:13,0
LF:3
LH:0
end_of_record
SF:lib\features\notification\domain\use_case\mark_as_read_usecase.dart
DA:9,0
DA:11,0
DA:13,0
LF:3
LH:0
end_of_record
SF:lib\features\notification\presentation\view_model\notification_viewmodel.dart
DA:121,0
DA:130,0
DA:131,0
DA:132,0
DA:133,0
DA:136,0
DA:139,0
DA:147,0
DA:150,0
DA:151,0
DA:159,0
DA:160,0
DA:161,0
DA:163,0
DA:165,0
DA:166,0
DA:167,0
DA:177,0
DA:179,0
DA:184,0
DA:188,0
DA:189,0
DA:190,0
DA:196,0
DA:197,0
DA:198,0
DA:199,0
DA:203,0
DA:205,0
DA:209,0
DA:215,0
DA:219,0
DA:220,0
DA:221,0
DA:227,0
DA:228,0
DA:229,0
DA:230,0
DA:234,0
DA:236,0
DA:240,0
LF:41
LH:0
end_of_record
SF:lib\features\order\data\data_source\remote_data_source\order_remote_data_source.dart
DA:22,0
DA:24,0
DA:27,0
DA:31,0
DA:32,0
DA:33,0
DA:37,0
DA:40,0
DA:41,0
DA:43,0
DA:44,0
DA:45,0
DA:46,0
DA:47,0
DA:48,0
DA:49,0
DA:51,0
DA:52,0
DA:53,0
DA:58,0
DA:60,0
DA:64,0
DA:65,0
DA:66,0
DA:68,0
DA:73,0
DA:77,0
DA:78,0
DA:80,0
DA:81,0
DA:82,0
DA:83,0
DA:85,0
DA:89,0
DA:92,0
DA:93,0
DA:94,0
DA:95,0
DA:96,0
DA:97,0
DA:101,0
DA:104,0
DA:105,0
DA:106,0
DA:107,0
DA:108,0
LF:46
LH:0
end_of_record
SF:lib\features\order\data\repository\remote_repository\order_repository_impl.dart
DA:14,0
DA:16,0
DA:25,0
DA:31,0
DA:32,0
DA:33,0
DA:34,0
DA:38,0
DA:47,0
DA:53,0
DA:54,0
DA:55,0
DA:56,0
DA:57,0
DA:61,0
DA:64,0
DA:65,0
DA:66,0
DA:67,0
DA:71,0
DA:74,0
DA:75,0
DA:76,0
DA:77,0
DA:78,0
DA:82,0
DA:85,0
DA:86,0
DA:87,0
DA:88,0
DA:89,0
LF:31
LH:0
end_of_record
SF:lib\features\order\domain\use_case\check_cod_availability_usecase.dart
DA:2,0
DA:4,0
LF:2
LH:0
end_of_record
SF:lib\features\order\domain\use_case\create_order_usecase.dart
DA:13,0
DA:15,0
DA:17,0
DA:18,0
DA:19,0
DA:20,0
DA:21,0
DA:22,0
DA:34,0
DA:42,0
DA:43,0
LF:11
LH:0
end_of_record
SF:lib\features\order\domain\use_case\create_order_with_slip_usecase.dart
DA:14,0
DA:16,0
DA:18,0
DA:19,0
DA:20,0
DA:21,0
DA:22,0
DA:23,0
DA:35,0
DA:43,0
DA:44,0
LF:11
LH:0
end_of_record
SF:lib\features\order\domain\use_case\get_last_shipping_address_usecase.dart
DA:10,0
DA:12,0
DA:14,0
LF:3
LH:0
end_of_record
SF:lib\features\order\domain\use_case\get_order_history_usecase.dart
DA:9,0
DA:11,0
DA:13,0
LF:3
LH:0
end_of_record
SF:lib\features\order\domain\use_case\get_shipping_locations_usecase.dart
DA:10,0
DA:12,0
DA:14,0
LF:3
LH:0
end_of_record
SF:lib\features\order\presentation\view_model\order_form\order_form_viemodel.dart
DA:22,0
DA:32,0
DA:33,0
DA:34,0
DA:35,0
DA:36,0
DA:37,0
DA:40,0
DA:42,0
DA:50,0
DA:52,0
DA:53,0
DA:57,0
DA:58,0
DA:59,0
DA:60,0
DA:63,0
DA:64,0
DA:65,0
DA:67,0
DA:68,0
DA:70,0
DA:72,0
DA:73,0
DA:75,0
DA:81,0
DA:82,0
DA:83,0
DA:85,0
DA:88,0
DA:89,0
DA:90,0
DA:91,0
DA:92,0
DA:93,0
DA:94,0
DA:95,0
DA:101,0
DA:102,0
DA:106,0
DA:107,0
DA:108,0
DA:109,0
DA:110,0
DA:111,0
DA:112,0
DA:115,0
DA:116,0
DA:118,0
DA:123,0
DA:127,0
DA:129,0
DA:134,0
DA:135,0
DA:136,0
DA:137,0
DA:138,0
DA:139,0
DA:140,0
DA:141,0
DA:142,0
DA:144,0
DA:147,0
DA:148,0
DA:149,0
DA:150,0
DA:151,0
DA:153,0
DA:154,0
DA:160,0
DA:161,0
DA:162,0
DA:163,0
DA:166,0
DA:167,0
DA:168,0
DA:172,0
DA:175,0
DA:177,0
DA:178,0
DA:184,0
DA:187,0
DA:189,0
DA:191,0
LF:84
LH:0
end_of_record
SF:lib\features\order\presentation\view_model\order_history_view_model.dart
DA:9,0
DA:10,0
DA:12,0
DA:13,0
DA:14,0
DA:15,0
DA:16,0
DA:17,0
DA:21,0
DA:22,0
DA:23,0
DA:24,0
DA:25,0
DA:26,0
LF:14
LH:0
end_of_record
SF:lib\features\product\data\data_source\local_datasource\product_local_data_source.dart
DA:12,0
DA:13,0
DA:16,0
DA:18,0
DA:19,0
DA:20,0
DA:23,0
DA:25,0
DA:26,0
DA:27,0
LF:10
LH:0
end_of_record
SF:lib\features\product\data\data_source\remote_data_source\product_remote_datasource.dart
DA:12,0
DA:14,0
DA:17,0
DA:18,0
DA:19,0
DA:20,0
DA:21,0
DA:23,0
DA:25,0
DA:26,0
DA:28,0
LF:11
LH:0
end_of_record
SF:lib\features\product\data\repository\product_repository_impl.dart
DA:82,0
DA:88,0
DA:90,0
DA:93,0
DA:95,0
DA:98,0
DA:101,0
DA:103,0
DA:107,0
DA:108,0
DA:111,0
DA:113,0
DA:119,0
DA:120,0
DA:123,0
DA:126,0
DA:131,0
DA:134,0
LF:18
LH:0
end_of_record
SF:lib\features\product\domain\use_case\get_product_by_id.dart
DA:41,0
DA:43,0
DA:44,0
LF:3
LH:0
end_of_record
SF:lib\features\product\presentation\view_model\product_detail\product_detail_viewmodel.dart
DA:220,0
DA:225,0
DA:228,0
DA:229,0
DA:230,0
DA:231,0
DA:232,0
DA:233,0
DA:235,0
DA:236,0
DA:237,0
DA:242,0
DA:244,0
DA:245,0
DA:246,0
DA:249,0
DA:253,0
DA:254,0
DA:256,0
DA:257,0
DA:258,0
DA:259,0
DA:266,0
DA:270,0
DA:271,0
DA:272,0
DA:273,0
DA:276,0
DA:277,0
DA:278,0
DA:280,0
DA:284,0
DA:290,0
DA:294,0
DA:295,0
DA:296,0
DA:297,0
DA:301,0
DA:305,0
DA:308,0
DA:312,0
DA:313,0
DA:314,0
DA:316,0
DA:317,0
DA:318,0
DA:320,0
DA:327,0
DA:331,0
DA:332,0
DA:333,0
DA:334,0
DA:335,0
DA:340,0
DA:341,0
DA:342,0
DA:345,0
DA:346,0
DA:350,0
DA:353,0
DA:359,0
DA:360,0
DA:361,0
LF:63
LH:0
end_of_record
SF:lib\features\profile\data\data_source\local_datasource\profile_local_data_source.dart
DA:14,0
DA:16,0
DA:17,0
DA:18,0
DA:21,0
DA:23,0
DA:24,0
DA:25,0
LF:8
LH:0
end_of_record
SF:lib\features\profile\data\data_source\remote_data_source\profile_remote_data_source.dart
DA:13,0
DA:34,0
DA:36,0
DA:39,0
DA:40,0
DA:42,0
DA:44,0
DA:47,0
DA:48,0
DA:49,0
DA:50,0
DA:52,0
DA:54,0
DA:58,0
DA:61,0
DA:62,0
DA:63,0
DA:65,0
DA:66,0
DA:67,0
DA:68,0
DA:72,0
DA:74,0
DA:76,0
DA:79,0
DA:80,0
DA:83,0
DA:84,0
DA:87,0
DA:89,0
DA:93,0
DA:99,0
DA:100,0
DA:102,0
DA:104,0
DA:105,0
DA:108,0
DA:110,0
DA:114,0
DA:120,0
DA:121,0
DA:123,0
DA:125,0
DA:129,0
DA:132,0
LF:45
LH:0
end_of_record
SF:lib\features\profile\data\repository\profile_repository_impl.dart
DA:120,0
DA:130,0
DA:132,0
DA:133,0
DA:136,0
DA:139,0
DA:142,0
DA:145,0
DA:151,0
DA:152,0
DA:154,0
DA:155,0
DA:156,0
DA:157,0
DA:162,0
DA:164,0
DA:168,0
DA:170,0
DA:176,0
DA:181,0
DA:184,0
DA:190,0
DA:194,0
DA:199,0
DA:200,0
DA:201,0
DA:204,0
DA:208,0
DA:210,0
DA:214,0
DA:219,0
DA:220,0
DA:221,0
DA:224,0
DA:230,0
LF:35
LH:0
end_of_record
SF:lib\features\profile\domain\use_case\change_password_usecase.dart
DA:9,0
DA:11,0
DA:12,0
DA:13,0
DA:14,0
DA:23,0
DA:28,0
DA:29,0
DA:30,0
DA:31,0
DA:35,0
DA:36,0
LF:12
LH:0
end_of_record
SF:lib\features\profile\domain\use_case\get_user_profile_usecase.dart
DA:9,0
DA:11,0
DA:13,0
LF:3
LH:0
end_of_record
SF:lib\features\profile\domain\use_case\logout_usecase.dart
DA:11,0
DA:13,0
DA:16,0
DA:17,0
DA:19,0
DA:20,0
LF:6
LH:0
end_of_record
SF:lib\features\profile\domain\use_case\update_profile_usecase.dart
DA:10,0
DA:12,0
DA:14,0
DA:15,0
DA:16,0
DA:25,0
DA:27,0
DA:28,0
LF:8
LH:0
end_of_record
SF:lib\features\profile\presentation\view_model\change_password\change_password_viewmodel.dart
DA:9,0
DA:10,0
DA:13,0
DA:17,0
DA:19,0
DA:20,0
DA:21,0
DA:22,0
DA:26,0
DA:27,0
DA:28,0
LF:11
LH:0
end_of_record
SF:lib\features\profile\presentation\view_model\edit_profile\edit_profile_viewmodel.dart
DA:90,0
DA:93,0
DA:95,0
DA:96,0
DA:97,0
DA:99,0
DA:100,0
DA:103,0
DA:104,0
DA:105,0
DA:106,0
DA:107,0
DA:111,0
DA:115,0
DA:119,0
DA:120,0
DA:123,0
DA:124,0
DA:125,0
DA:130,0
DA:131,0
DA:132,0
DA:133,0
DA:134,0
LF:24
LH:0
end_of_record
SF:lib\features\profile\presentation\view_model\profile_viewmodel.dart
DA:221,0
DA:226,0
DA:227,0
DA:228,0
DA:231,0
DA:237,0
DA:238,0
DA:241,0
DA:244,0
DA:246,0
DA:247,0
DA:248,0
DA:252,0
DA:256,0
DA:257,0
DA:258,0
DA:259,0
DA:261,0
DA:263,0
DA:265,0
LF:20
LH:0
end_of_record
SF:lib\features\splash\presentation\view_model\splash_view_model.dart
DA:11,0
DA:13,0
DA:14,0
DA:16,0
DA:18,0
DA:20,0
DA:21,0
DA:23,0
LF:8
LH:0
end_of_record
SF:lib\features\auth\data\model\user_hive_model.dart
DA:29,0
DA:36,0
DA:38,0
DA:46,0
DA:47,0
DA:48,0
DA:49,0
DA:50,0
DA:51,0
DA:52,0
DA:55,0
DA:56,0
DA:57,0
DA:58,0
DA:59,0
DA:60,0
DA:61,0
DA:64,0
DA:65,0
LF:19
LH:0
end_of_record
SF:lib\features\auth\data\model\user_hive_model.g.dart
DA:13,0
DA:15,0
DA:16,0
DA:17,0
DA:19,0
DA:20,0
DA:21,0
DA:22,0
DA:23,0
DA:24,0
DA:25,0
DA:29,0
DA:32,0
DA:33,0
DA:34,0
DA:35,0
DA:36,0
DA:37,0
DA:38,0
DA:39,0
DA:40,0
DA:41,0
DA:42,0
DA:43,0
DA:44,0
DA:47,0
DA:48,0
DA:50,0
DA:53,0
DA:54,0
DA:55,0
LF:31
LH:0
end_of_record
SF:lib\features\cart\data\model\cart_item_hive_model.dart
DA:17,0
LF:1
LH:0
end_of_record
SF:lib\features\cart\data\model\cart_item_hive_model.g.dart
DA:13,0
DA:15,0
DA:16,0
DA:17,0
DA:19,0
DA:20,0
DA:21,0
DA:22,0
DA:26,0
DA:29,0
DA:30,0
DA:31,0
DA:32,0
DA:33,0
DA:34,0
DA:35,0
DA:38,0
DA:39,0
DA:41,0
DA:44,0
DA:45,0
DA:46,0
LF:22
LH:0
end_of_record
SF:lib\features\profile\data\model\profile_hive_model.dart
DA:15,0
DA:18,0
DA:19,0
DA:24,0
DA:25,0
DA:26,0
DA:27,0
LF:7
LH:0
end_of_record
SF:lib\features\profile\data\model\profile_hive_model.g.dart
DA:13,0
DA:15,0
DA:16,0
DA:17,0
DA:19,0
DA:22,0
DA:25,0
DA:26,0
DA:27,0
DA:30,0
DA:31,0
DA:33,0
DA:36,0
DA:37,0
DA:38,0
LF:15
LH:0
end_of_record
SF:lib\features\auth\data\model\user_api_model.dart
DA:17,0
DA:26,0
DA:27,0
DA:29,0
DA:31,0
DA:32,0
DA:33,0
DA:34,0
DA:35,0
DA:36,0
DA:37,0
DA:38,0
DA:42,0
DA:43,0
DA:44,0
DA:45,0
DA:46,0
DA:47,0
DA:48,0
DA:49,0
DA:53,0
DA:55,0
LF:22
LH:0
end_of_record
SF:lib\features\auth\data\model\user_api_model.g.dart
DA:9,0
DA:10,0
DA:11,0
DA:12,0
DA:13,0
DA:14,0
DA:15,0
DA:18,0
DA:19,0
DA:20,0
DA:21,0
DA:22,0
DA:23,0
DA:24,0
DA:25,0
LF:15
LH:0
end_of_record
SF:lib\features\auth\presentation\view_model\login_view_model\login_event.dart
DA:12,1
DA:21,1
DA:26,1
LF:3
LH:3
end_of_record
SF:lib\features\auth\presentation\view_model\login_view_model\login_state.dart
DA:8,4
DA:14,9
DA:19,1
DA:24,1
DA:25,1
DA:26,1
DA:27,1
DA:31,1
DA:32,4
LF:9
LH:9
end_of_record
SF:lib\features\auth\presentation\view_model\register_view_model\register_event.dart
DA:13,2
LF:1
LH:1
end_of_record
SF:lib\features\auth\presentation\view_model\register_view_model\register_state.dart
DA:7,3
DA:12,8
DA:16,1
DA:20,1
DA:21,0
DA:22,1
DA:26,1
DA:27,3
LF:8
LH:7
end_of_record
SF:lib\features\auth\presentation\view_model\reset_password\reset_password_event.dart
DA:4,0
DA:5,0
DA:6,0
DA:12,0
LF:4
LH:0
end_of_record
SF:lib\features\auth\presentation\view_model\reset_password\reset_password_state.dart
DA:9,8
DA:14,0
DA:18,0
DA:19,0
DA:20,0
DA:24,0
DA:25,0
LF:7
LH:1
end_of_record
SF:lib\features\cart\domain\entity\cart_entity.dart
DA:10,8
DA:17,0
DA:21,0
DA:22,0
LF:4
LH:1
end_of_record
SF:lib\features\cart\domain\entity\cart_item_entity.dart
DA:9,0
DA:15,0
DA:16,0
DA:17,0
DA:18,0
DA:19,0
DA:23,0
DA:24,0
LF:8
LH:0
end_of_record
SF:lib\features\cart\presentation\view_model\cart_event.dart
DA:68,0
DA:69,0
DA:70,0
DA:78,0
DA:79,0
DA:80,0
DA:85,0
DA:86,0
DA:87,0
DA:93,0
DA:94,0
DA:95,0
LF:12
LH:0
end_of_record
SF:lib\features\cart\presentation\view_model\cart_state.dart
DA:11,0
DA:17,0
DA:18,0
DA:21,0
DA:26,0
DA:27,0
DA:28,0
DA:29,0
DA:33,0
DA:34,0
LF:10
LH:0
end_of_record
SF:lib\features\explore\presentation\view_model\explore_event.dart
DA:66,3
DA:67,0
DA:68,0
DA:75,3
DA:77,0
DA:78,0
DA:84,0
DA:85,0
DA:86,0
DA:92,3
DA:93,0
DA:94,0
DA:100,0
DA:101,0
DA:102,0
LF:15
LH:3
end_of_record
SF:lib\features\explore\presentation\view_model\explore_state.dart
DA:122,8
DA:134,0
DA:145,0
DA:146,0
DA:147,0
DA:148,0
DA:149,0
DA:150,0
DA:151,0
DA:153,0
DA:154,0
DA:158,0
DA:159,0
DA:160,0
DA:161,0
DA:162,0
DA:163,0
DA:164,0
DA:165,0
DA:166,0
DA:167,0
LF:21
LH:1
end_of_record
SF:lib\features\home\presentation\view_model\home_event.dart
DA:53,13
DA:54,0
DA:55,0
DA:61,10
DA:63,0
DA:64,0
DA:69,3
DA:71,0
DA:72,0
LF:9
LH:3
end_of_record
SF:lib\features\home\presentation\view_model\home_state.dart
DA:55,10
DA:56,0
DA:57,0
DA:65,8
DA:66,0
DA:67,0
DA:72,1
DA:73,0
DA:74,0
DA:83,8
DA:89,0
DA:90,0
DA:96,1
DA:97,0
DA:98,0
LF:15
LH:5
end_of_record
SF:lib\features\notification\data\model\notification_api_model.dart
DA:16,0
DA:25,0
DA:26,0
DA:28,0
DA:30,0
DA:31,0
DA:32,0
DA:33,0
DA:34,0
DA:35,0
DA:36,0
DA:37,0
LF:12
LH:0
end_of_record
SF:lib\features\notification\data\model\notification_api_model.g.dart
DA:9,0
DA:11,0
DA:12,0
DA:13,0
DA:14,0
DA:15,0
DA:16,0
DA:17,0
DA:20,0
DA:22,0
DA:23,0
DA:24,0
DA:25,0
DA:26,0
DA:27,0
DA:28,0
LF:16
LH:0
end_of_record
SF:lib\features\notification\domain\entity\notification_entity.dart
DA:11,0
DA:20,0
DA:21,0
LF:3
LH:0
end_of_record
SF:lib\features\notification\presentation\view_model\notification_event.dart
DA:4,0
DA:5,0
DA:6,0
DA:13,0
LF:4
LH:0
end_of_record
SF:lib\features\notification\presentation\view_model\notification_state.dart
DA:91,8
DA:99,0
DA:108,0
DA:109,0
DA:110,0
DA:111,0
DA:113,0
DA:115,0
DA:119,0
DA:120,0
LF:10
LH:1
end_of_record
SF:lib\features\order\data\model\delivery_location_api_model.dart
DA:14,0
DA:21,0
DA:22,0
DA:24,0
DA:26,0
DA:27,0
DA:28,0
DA:29,0
DA:30,0
DA:31,0
LF:10
LH:0
end_of_record
SF:lib\features\order\data\model\delivery_location_api_model.g.dart
DA:9,0
DA:11,0
DA:12,0
DA:13,0
DA:14,0
DA:15,0
DA:18,0
DA:20,0
DA:21,0
DA:22,0
DA:23,0
DA:24,0
LF:12
LH:0
end_of_record
SF:lib\features\order\data\model\order_api_model.dart
DA:22,0
DA:34,0
DA:35,0
DA:37,0
DA:39,0
DA:40,0
DA:41,0
DA:42,0
DA:43,0
DA:44,0
DA:45,0
DA:46,0
DA:47,0
DA:48,0
DA:49,0
DA:53,0
DA:59,0
DA:60,0
DA:62,0
DA:63,0
DA:64,0
DA:65,0
DA:66,0
DA:67,0
DA:68,0
DA:74,0
DA:77,0
DA:78,0
DA:80,0
DA:81,0
DA:82,0
DA:83,0
DA:84,0
LF:33
LH:0
end_of_record
SF:lib\features\order\data\model\order_api_model.g.dart
DA:9,0
DA:10,0
DA:11,0
DA:12,0
DA:13,0
DA:14,0
DA:15,0
DA:16,0
DA:17,0
DA:18,0
DA:19,0
DA:20,0
DA:21,0
DA:22,0
DA:25,0
DA:26,0
DA:27,0
DA:28,0
DA:29,0
DA:30,0
DA:31,0
DA:32,0
DA:33,0
DA:34,0
DA:35,0
LF:25
LH:0
end_of_record
SF:lib\features\order\data\model\shipping_address_api_model.dart
DA:18,0
DA:29,0
DA:30,0
DA:32,0
DA:34,0
DA:35,0
DA:36,0
DA:37,0
DA:38,0
DA:39,0
DA:40,0
DA:41,0
DA:42,0
DA:43,0
DA:47,0
DA:48,0
DA:49,0
DA:50,0
DA:51,0
DA:55,0
DA:56,0
DA:57,0
DA:58,0
DA:59,0
DA:60,0
DA:61,0
LF:26
LH:0
end_of_record
SF:lib\features\order\data\model\shipping_address_api_model.g.dart
DA:9,0
DA:11,0
DA:12,0
DA:13,0
DA:14,0
DA:15,0
DA:16,0
DA:17,0
DA:18,0
DA:19,0
DA:22,0
DA:24,0
DA:25,0
DA:26,0
DA:27,0
DA:28,0
DA:29,0
DA:30,0
DA:31,0
DA:32,0
LF:20
LH:0
end_of_record
SF:lib\features\order\domain\entity\delivery_location_entity.dart
DA:9,8
DA:16,0
DA:17,0
LF:3
LH:1
end_of_record
SF:lib\features\order\domain\entity\order_entity.dart
DA:16,0
DA:28,0
DA:29,0
LF:3
LH:0
end_of_record
SF:lib\features\order\domain\entity\shipping_address_entity.dart
DA:15,8
DA:28,0
DA:30,0
DA:42,0
DA:43,0
DA:44,0
DA:45,0
DA:46,0
DA:47,0
DA:48,0
DA:49,0
DA:50,0
DA:51,0
DA:52,0
DA:56,0
DA:57,0
DA:58,0
DA:59,0
LF:18
LH:1
end_of_record
SF:lib\features\order\domain\entity\order_item_entity.dart
DA:10,0
DA:18,0
DA:19,0
LF:3
LH:0
end_of_record
SF:lib\features\order\presentation\view_model\order_form\order_form_event.dart
DA:6,0
DA:7,0
DA:8,0
DA:22,0
DA:35,0
DA:40,0
LF:6
LH:0
end_of_record
SF:lib\features\order\presentation\view_model\order_form\order_form_state.dart
DA:29,8
DA:42,0
DA:51,0
DA:65,0
DA:66,0
DA:67,0
DA:68,0
DA:69,0
DA:70,0
DA:71,0
DA:72,0
DA:73,0
DA:74,0
DA:75,0
DA:79,0
DA:80,0
DA:81,0
DA:82,0
LF:18
LH:1
end_of_record
SF:lib\features\profile\domain\entity\profile_entity.dart
DA:11,0
DA:17,0
DA:18,0
LF:3
LH:0
end_of_record
SF:lib\features\order\presentation\view_model\order_history_event.dart
DA:5,0
DA:10,0
DA:15,0
LF:3
LH:0
end_of_record
SF:lib\features\order\presentation\view_model\order_history_state.dart
DA:5,0
DA:7,0
DA:8,0
DA:18,0
DA:20,0
DA:21,0
DA:27,0
DA:29,0
DA:30,0
LF:9
LH:0
end_of_record
SF:lib\features\product\presentation\view_model\product_detail\product_detail_event.dart
DA:62,0
DA:69,0
DA:75,0
DA:81,0
DA:87,0
DA:93,0
LF:6
LH:0
end_of_record
SF:lib\features\product\presentation\view_model\product_detail\product_detail_state.dart
DA:96,8
DA:106,0
DA:107,0
DA:108,0
DA:109,0
DA:112,0
DA:121,0
DA:122,0
DA:123,0
DA:124,0
DA:125,0
DA:126,0
DA:127,0
DA:128,0
DA:132,0
DA:133,0
LF:16
LH:1
end_of_record
SF:lib\features\profile\data\model\user_profile_api_model.dart
DA:23,0
DA:31,0
DA:32,0
DA:34,0
DA:35,0
DA:36,0
DA:37,0
DA:38,0
DA:39,0
DA:40,0
DA:42,0
DA:46,0
DA:47,0
LF:13
LH:0
end_of_record
SF:lib\features\profile\data\model\user_profile_api_model.g.dart
DA:9,0
DA:10,0
DA:11,0
DA:12,0
DA:13,0
DA:14,0
DA:15,0
DA:18,0
DA:20,0
DA:21,0
DA:22,0
DA:23,0
DA:24,0
DA:25,0
LF:14
LH:0
end_of_record
SF:lib\features\profile\presentation\view_model\change_password\change_password_event.dart
DA:4,0
DA:6,0
DA:7,0
DA:15,0
DA:21,0
DA:22,0
LF:6
LH:0
end_of_record
SF:lib\features\profile\presentation\view_model\change_password\change_password_state.dart
DA:4,0
DA:6,0
DA:7,0
DA:19,0
DA:21,0
DA:22,0
LF:6
LH:0
end_of_record
SF:lib\features\profile\presentation\view_model\edit_profile\edit_profile_event.dart
DA:89,0
DA:90,0
DA:91,0
DA:100,0
DA:106,0
DA:107,0
DA:115,0
DA:117,0
DA:118,0
LF:9
LH:0
end_of_record
SF:lib\features\profile\presentation\view_model\edit_profile\edit_profile_state.dart
DA:40,0
DA:41,0
DA:42,0
DA:51,0
DA:53,0
DA:54,0
DA:67,0
DA:69,0
DA:70,0
LF:9
LH:0
end_of_record
SF:lib\features\profile\presentation\view_model\profile_event.dart
DA:19,3
DA:20,0
DA:21,0
DA:28,0
DA:33,3
LF:5
LH:2
end_of_record
SF:lib\features\profile\presentation\view_model\profile_state.dart
DA:85,8
DA:93,0
DA:100,0
DA:101,0
DA:104,0
DA:105,0
DA:106,0
DA:110,0
DA:111,0
LF:9
LH:1
end_of_record
SF:lib\features\auth\presentation\view\login_page_view.dart
DA:19,10
DA:24,1
DA:25,1
DA:36,1
DA:38,1
DA:39,4
DA:40,4
DA:41,2
DA:42,5
DA:43,2
DA:45,2
DA:46,3
DA:47,3
DA:62,1
DA:64,2
DA:65,2
DA:66,2
DA:67,1
DA:70,1
DA:72,3
DA:74,1
DA:76,1
DA:77,1
DA:78,1
DA:79,0
DA:81,0
DA:82,0
DA:86,1
DA:87,1
DA:88,1
DA:89,1
DA:90,1
DA:91,1
DA:92,3
DA:93,1
DA:94,2
DA:95,1
DA:96,1
DA:97,1
DA:98,8
DA:100,1
DA:101,1
DA:103,1
DA:104,1
DA:105,1
DA:107,1
DA:117,1
DA:118,1
DA:120,1
DA:121,0
DA:124,1
DA:125,1
DA:126,1
DA:128,2
DA:129,1
DA:130,2
DA:131,5
DA:134,0
DA:136,1
DA:138,1
DA:139,0
DA:144,1
DA:146,1
DA:147,0
DA:148,0
DA:149,0
DA:151,0
DA:152,0
DA:159,1
DA:160,1
DA:161,1
DA:162,0
DA:163,1
DA:166,1
DA:167,1
DA:168,1
DA:170,1
DA:181,1
DA:182,1
DA:192,1
DA:193,1
DA:196,1
DA:198,1
DA:199,1
DA:204,0
DA:205,1
DA:207,2
DA:208,2
DA:212,1
DA:213,1
DA:214,1
DA:215,1
DA:218,1
DA:219,1
DA:222,2
DA:228,1
DA:246,1
DA:247,1
DA:250,1
DA:252,1
DA:253,2
DA:254,2
LF:102
LH:89
end_of_record
SF:lib\core\widgets\animated_button.dart
DA:14,2
DA:26,2
DA:27,2
DA:37,2
DA:39,2
DA:40,4
DA:44,4
DA:49,4
DA:52,4
DA:53,2
DA:57,4
DA:58,2
DA:60,4
DA:61,2
DA:65,4
DA:68,2
DA:70,4
DA:71,4
DA:72,2
DA:75,1
DA:76,2
DA:77,2
DA:81,1
DA:82,2
DA:83,2
DA:87,0
DA:88,0
DA:89,0
DA:93,2
DA:95,2
DA:96,2
DA:97,2
DA:98,2
DA:99,8
DA:100,2
DA:101,2
DA:102,2
DA:103,2
DA:104,4
DA:105,2
DA:106,4
DA:107,4
DA:108,2
DA:109,2
DA:110,2
DA:111,4
DA:112,6
DA:117,2
DA:118,6
DA:119,2
DA:120,6
DA:126,2
DA:127,2
DA:129,4
DA:130,2
DA:131,2
DA:132,2
DA:133,2
DA:134,2
DA:135,2
DA:136,2
DA:137,8
DA:138,2
DA:139,2
DA:140,2
DA:141,2
DA:143,2
DA:155,2
DA:156,4
DA:157,2
DA:160,2
DA:162,2
DA:163,4
DA:167,2
DA:178,2
DA:179,4
DA:180,0
DA:183,0
DA:184,0
DA:185,0
DA:186,0
DA:189,0
DA:190,0
DA:191,0
DA:192,0
DA:193,0
DA:201,2
DA:202,4
DA:203,2
DA:204,4
LF:90
LH:77
end_of_record
SF:lib\app\themes\themes_data.dart
DA:40,0
DA:44,0
DA:45,0
DA:48,0
DA:51,0
DA:55,0
DA:56,0
DA:60,0
DA:91,0
DA:92,0
DA:94,0
DA:95,0
DA:97,0
DA:101,0
DA:102,0
DA:105,0
DA:106,0
DA:109,0
DA:110,0
DA:115,0
DA:116,0
DA:117,0
DA:123,0
DA:124,0
DA:129,0
DA:130,0
LF:26
LH:0
end_of_record
SF:lib\core\services\cart_animation_service.dart
DA:5,0
DA:7,0
DA:13,0
DA:19,0
DA:20,0
DA:22,0
DA:23,0
DA:25,0
DA:26,0
DA:27,0
DA:28,0
DA:30,0
DA:31,0
DA:32,0
DA:33,0
DA:36,0
DA:37,0
DA:38,0
DA:39,0
DA:45,0
DA:47,0
DA:50,0
DA:51,0
DA:52,0
DA:55,0
DA:62,0
DA:64,0
DA:65,0
LF:28
LH:0
end_of_record
SF:lib\core\utils\page_transitions.dart
DA:4,0
DA:5,0
DA:6,0
DA:7,0
DA:8,0
DA:9,0
DA:12,0
DA:19,0
DA:20,0
DA:21,0
DA:22,0
DA:23,0
DA:24,0
DA:27,0
DA:34,0
DA:35,0
DA:36,0
DA:37,0
DA:38,0
DA:46,0
DA:47,0
DA:48,0
DA:49,0
DA:50,0
LF:24
LH:0
end_of_record
SF:lib\core\widgets\animated_form_field.dart
DA:16,0
DA:28,0
DA:30,0
DA:31,0
DA:41,0
DA:43,0
DA:44,0
DA:48,0
DA:49,0
DA:51,0
DA:53,0
DA:54,0
DA:57,0
DA:59,0
DA:60,0
DA:63,0
DA:65,0
DA:66,0
DA:67,0
DA:68,0
DA:69,0
DA:70,0
DA:71,0
DA:72,0
DA:73,0
DA:74,0
DA:75,0
DA:76,0
DA:81,0
DA:83,0
DA:85,0
DA:86,0
DA:87,0
DA:88,0
DA:89,0
DA:93,0
DA:94,0
DA:95,0
DA:97,0
DA:103,0
DA:107,0
DA:108,0
DA:109,0
DA:110,0
DA:113,0
DA:115,0
DA:118,0
DA:119,0
DA:120,0
DA:121,0
DA:122,0
DA:123,0
DA:125,0
DA:126,0
DA:127,0
DA:128,0
DA:129,0
DA:130,0
DA:134,0
DA:135,0
DA:136,0
DA:137,0
DA:142,0
DA:143,0
DA:144,0
DA:145,0
DA:150,0
DA:151,0
DA:152,0
DA:153,0
LF:70
LH:0
end_of_record
SF:lib\core\widgets\autocomplete_field.dart
DA:15,0
DA:26,0
DA:28,0
DA:29,0
DA:41,0
DA:43,0
DA:44,0
DA:45,0
DA:49,0
DA:50,0
DA:54,0
DA:56,0
DA:57,0
DA:58,0
DA:59,0
DA:62,0
DA:63,0
DA:65,0
DA:66,0
DA:67,0
DA:68,0
DA:69,0
DA:72,0
DA:73,0
DA:74,0
DA:75,0
DA:76,0
DA:78,0
DA:79,0
DA:80,0
DA:82,0
DA:84,0
DA:86,0
DA:87,0
DA:88,0
DA:89,0
DA:92,0
DA:103,0
DA:104,0
DA:107,0
DA:108,0
DA:109,0
DA:110,0
DA:111,0
DA:116,0
DA:117,0
DA:118,0
DA:119,0
DA:120,0
DA:122,0
DA:123,0
DA:125,0
DA:127,0
DA:135,0
DA:137,0
DA:138,0
DA:139,0
DA:140,0
DA:141,0
DA:142,0
DA:143,0
DA:144,0
DA:145,0
DA:147,0
DA:148,0
DA:150,0
DA:160,0
DA:162,0
DA:163,0
DA:164,0
DA:166,0
DA:167,0
DA:168,0
DA:169,0
DA:170,0
DA:174,0
DA:175,0
DA:176,0
DA:178,0
DA:184,0
DA:188,0
DA:189,0
DA:190,0
DA:191,0
DA:192,0
DA:193,0
DA:194,0
DA:195,0
DA:196,0
DA:197,0
DA:198,0
DA:200,0
DA:201,0
DA:204,0
DA:205,0
DA:206,0
DA:207,0
DA:211,0
DA:212,0
DA:213,0
DA:217,0
DA:218,0
LF:102
LH:0
end_of_record
SF:lib\core\widgets\product_card.dart
DA:213,1
DA:215,1
DA:217,1
DA:219,1
DA:220,0
DA:221,0
DA:223,0
DA:224,0
DA:228,1
DA:231,1
DA:232,2
DA:234,1
DA:236,1
DA:237,1
DA:238,1
DA:240,1
DA:241,1
DA:242,2
DA:244,2
DA:245,1
DA:246,1
DA:247,1
DA:249,0
DA:253,2
DA:254,0
DA:257,0
DA:259,0
DA:261,0
DA:263,0
DA:264,0
DA:272,1
DA:274,1
DA:276,1
DA:277,1
DA:278,2
DA:284,1
DA:287,1
DA:288,1
DA:290,1
DA:291,1
DA:292,4
DA:295,5
DA:296,1
DA:297,4
DA:298,1
DA:299,1
DA:306,1
DA:307,0
DA:309,0
DA:312,0
DA:315,0
DA:318,1
DA:319,1
LF:53
LH:38
end_of_record
SF:lib\features\product\presentation\view\product_detail_view.dart
DA:708,0
DA:710,0
DA:712,0
DA:713,0
DA:714,0
DA:715,0
DA:716,0
DA:723,0
DA:725,0
DA:726,0
DA:735,0
DA:737,0
DA:738,0
DA:742,0
DA:748,0
DA:750,0
DA:751,0
DA:752,0
DA:755,0
DA:756,0
DA:757,0
DA:759,0
DA:760,0
DA:762,0
DA:763,0
DA:764,0
DA:765,0
DA:766,0
DA:768,0
DA:769,0
DA:770,0
DA:771,0
DA:772,0
DA:773,0
DA:774,0
DA:775,0
DA:776,0
DA:777,0
DA:778,0
DA:786,0
DA:788,0
DA:789,0
DA:790,0
DA:791,0
DA:792,0
DA:793,0
DA:794,0
DA:795,0
DA:796,0
DA:801,0
DA:804,0
DA:806,0
DA:808,0
DA:809,0
DA:810,0
DA:811,0
DA:812,0
DA:813,0
DA:816,0
DA:817,0
DA:818,0
DA:819,0
DA:821,0
DA:822,0
DA:823,0
DA:826,0
DA:827,0
DA:828,0
DA:829,0
DA:830,0
DA:834,0
DA:835,0
DA:837,0
DA:838,0
DA:846,0
DA:848,0
DA:851,0
DA:852,0
DA:854,0
DA:856,0
DA:858,0
DA:859,0
DA:860,0
DA:874,0
DA:875,0
DA:876,0
DA:877,0
DA:878,0
DA:881,0
DA:883,0
DA:884,0
DA:886,0
DA:887,0
DA:889,0
DA:891,0
DA:894,0
DA:896,0
DA:898,0
DA:900,0
DA:902,0
DA:913,0
DA:914,0
DA:916,0
DA:919,0
DA:920,0
DA:922,0
DA:923,0
DA:924,0
DA:925,0
DA:926,0
DA:927,0
DA:928,0
DA:929,0
DA:930,0
DA:937,0
DA:942,0
DA:943,0
DA:944,0
DA:945,0
DA:947,0
DA:949,0
DA:951,0
DA:953,0
DA:954,0
DA:955,0
DA:956,0
DA:957,0
DA:958,0
DA:959,0
DA:966,0
DA:967,0
DA:968,0
DA:971,0
DA:972,0
DA:973,0
DA:977,0
DA:978,0
DA:979,0
DA:980,0
DA:982,0
DA:983,0
DA:985,0
DA:991,0
DA:993,0
DA:998,0
DA:999,0
DA:1001,0
DA:1002,0
DA:1003,0
DA:1004,0
DA:1005,0
DA:1006,0
DA:1008,0
DA:1009,0
DA:1011,0
DA:1016,0
DA:1017,0
DA:1019,0
DA:1021,0
DA:1022,0
DA:1023,0
DA:1028,0
DA:1029,0
DA:1030,0
DA:1033,0
DA:1040,0
DA:1041,0
DA:1043,0
DA:1044,0
DA:1045,0
DA:1050,0
DA:1051,0
DA:1052,0
DA:1053,0
DA:1055,0
DA:1058,0
DA:1059,0
DA:1061,0
DA:1062,0
DA:1064,0
DA:1065,0
DA:1068,0
DA:1071,0
DA:1072,0
DA:1073,0
DA:1075,0
DA:1076,0
DA:1077,0
DA:1085,0
DA:1086,0
DA:1088,0
DA:1089,0
DA:1091,0
DA:1096,0
DA:1097,0
DA:1099,0
DA:1101,0
DA:1102,0
DA:1103,0
DA:1104,0
DA:1105,0
DA:1106,0
DA:1107,0
DA:1109,0
DA:1111,0
DA:1112,0
DA:1114,0
DA:1115,0
DA:1125,0
DA:1126,0
DA:1128,0
DA:1129,0
DA:1131,0
DA:1132,0
DA:1134,0
DA:1135,0
DA:1138,0
DA:1141,0
DA:1146,0
DA:1147,0
DA:1148,0
DA:1150,0
DA:1152,0
DA:1153,0
DA:1154,0
DA:1156,0
DA:1157,0
DA:1158,0
DA:1159,0
DA:1165,0
DA:1166,0
DA:1168,0
DA:1169,0
DA:1171,0
DA:1176,0
DA:1177,0
DA:1178,0
DA:1182,0
DA:1184,0
DA:1188,0
DA:1191,0
DA:1193,0
DA:1194,0
DA:1195,0
DA:1196,0
DA:1200,0
DA:1201,0
DA:1202,0
DA:1203,0
DA:1208,0
DA:1209,0
DA:1213,0
DA:1222,3
DA:1223,0
DA:1225,0
DA:1228,0
DA:1230,0
DA:1231,0
DA:1232,0
DA:1234,0
DA:1235,0
DA:1236,0
DA:1237,0
DA:1238,0
DA:1239,0
DA:1249,3
DA:1250,0
DA:1252,0
DA:1253,0
DA:1254,0
DA:1255,0
DA:1256,0
DA:1259,0
DA:1260,0
DA:1261,0
DA:1263,0
DA:1264,0
DA:1265,0
DA:1266,0
DA:1267,0
DA:1268,0
DA:1270,0
DA:1285,0
DA:1286,0
DA:1288,0
DA:1289,0
DA:1291,0
DA:1294,0
DA:1296,0
DA:1298,0
DA:1301,0
DA:1302,0
LF:292
LH:2
end_of_record
SF:lib\core\widgets\staggered_animation.dart
DA:9,1
DA:17,1
DA:18,1
DA:26,1
DA:28,1
DA:29,2
DA:30,3
DA:31,2
DA:32,2
DA:37,4
DA:38,2
DA:39,3
DA:41,1
DA:43,1
DA:46,1
DA:47,4
DA:48,3
DA:49,1
DA:50,3
DA:55,1
DA:57,2
DA:58,1
DA:60,1
DA:63,1
DA:65,1
DA:66,5
DA:67,1
DA:68,2
DA:69,1
DA:70,1
DA:71,6
DA:72,1
DA:73,3
DA:74,3
LF:34
LH:34
end_of_record
SF:lib\features\auth\presentation\view\signup_page_view.dart
DA:17,1
DA:19,1
DA:20,1
DA:33,1
DA:35,1
DA:36,2
DA:41,3
DA:42,2
DA:44,2
DA:47,1
DA:49,2
DA:50,2
DA:51,2
DA:52,2
DA:53,2
DA:54,1
DA:57,1
DA:59,1
DA:61,1
DA:64,1
DA:66,0
DA:69,1
DA:70,1
DA:71,1
DA:72,1
DA:73,1
DA:74,0
DA:75,0
DA:79,1
DA:80,1
DA:81,1
DA:82,0
DA:87,1
DA:88,1
DA:89,1
DA:90,1
DA:91,2
DA:93,1
DA:94,1
DA:95,1
DA:96,1
DA:97,1
DA:98,3
DA:99,1
DA:100,2
DA:101,1
DA:103,1
DA:104,1
DA:105,1
DA:106,1
DA:111,5
DA:113,5
DA:115,6
DA:117,5
DA:119,1
DA:122,1
DA:123,3
DA:124,3
DA:126,3
DA:127,3
DA:128,3
DA:129,3
DA:138,1
DA:141,1
DA:142,1
DA:144,0
DA:145,1
DA:147,2
DA:148,2
DA:154,1
DA:155,1
DA:156,1
DA:159,1
DA:160,1
DA:163,2
DA:186,1
DA:187,1
DA:190,1
DA:192,1
DA:193,2
DA:194,2
LF:81
LH:76
end_of_record
SF:lib\features\dashboard\presentation\view\dashboard_view.dart
DA:30,6
DA:35,0
DA:36,0
DA:49,0
DA:51,0
DA:53,0
DA:54,0
DA:58,0
DA:60,0
DA:61,0
DA:64,0
DA:65,0
DA:68,0
DA:69,0
DA:70,0
DA:71,0
DA:72,0
DA:85,0
DA:86,0
DA:88,0
DA:89,0
DA:90,0
DA:91,0
DA:98,0
DA:99,0
DA:100,0
DA:101,0
DA:103,0
DA:105,0
DA:106,0
DA:120,0
DA:122,0
DA:123,0
DA:125,0
DA:132,0
DA:133,0
DA:135,0
DA:136,0
DA:139,0
DA:140,0
DA:141,0
DA:142,0
DA:143,0
DA:144,0
DA:150,0
DA:151,0
DA:152,0
DA:153,0
DA:154,0
DA:155,0
DA:156,0
DA:163,0
DA:164,0
DA:166,0
DA:167,0
DA:168,0
DA:169,0
DA:170,0
DA:178,0
DA:180,0
DA:181,0
DA:182,0
DA:183,0
DA:184,0
DA:185,0
DA:188,0
DA:189,0
DA:190,0
DA:191,0
DA:192,0
DA:195,0
DA:196,0
DA:197,0
DA:198,0
DA:199,0
DA:200,0
DA:201,0
DA:203,0
DA:204,0
DA:205,0
DA:206,0
DA:207,0
DA:215,0
DA:216,0
DA:219,0
DA:220,0
DA:221,0
DA:224,0
DA:243,0
DA:244,0
DA:245,0
DA:246,0
DA:247,0
DA:249,0
DA:251,0
DA:252,0
DA:255,0
DA:257,0
DA:260,0
DA:266,0
DA:267,0
DA:279,0
DA:280,0
DA:281,0
DA:282,0
DA:283,0
DA:293,0
DA:294,0
DA:295,0
DA:296,0
DA:297,0
DA:298,0
DA:299,0
DA:301,0
DA:303,0
DA:313,0
DA:315,0
LF:117
LH:1
end_of_record
SF:lib\features\bottom_navigation\presentation\view\bottom_navigation_view.dart
DA:171,0
DA:177,0
DA:179,0
DA:180,0
DA:182,0
DA:183,0
DA:184,0
DA:190,0
DA:191,0
DA:192,0
DA:195,0
DA:200,0
DA:201,0
DA:202,0
DA:203,0
DA:204,0
DA:210,0
DA:215,0
DA:216,0
DA:217,0
DA:220,0
DA:221,0
DA:222,0
DA:224,0
DA:231,0
DA:232,0
DA:233,0
DA:235,0
DA:236,0
DA:237,0
DA:239,0
DA:241,0
DA:243,0
DA:246,0
DA:247,0
DA:248,0
DA:251,0
DA:252,0
DA:254,0
DA:258,0
DA:259,0
DA:262,0
DA:268,0
DA:269,0
LF:44
LH:0
end_of_record
SF:lib\features\bottom_navigation\presentation\view_model\bottom_navigation_event.dart
DA:4,6
DA:6,0
DA:7,0
DA:13,6
DA:15,0
DA:16,0
LF:6
LH:2
end_of_record
SF:lib\features\bottom_navigation\presentation\view_model\bottom_navigation_state.dart
DA:6,3
DA:8,0
DA:9,0
DA:10,0
DA:14,0
DA:15,0
LF:6
LH:1
end_of_record
SF:lib\features\bottom_navigation\presentation\view_model\bottom_navigation_viewmodel.dart
DA:7,0
DA:8,0
DA:9,0
LF:3
LH:0
end_of_record
SF:lib\features\cart\presentation\view\cart_view.dart
DA:354,9
DA:356,0
DA:357,0
DA:363,0
DA:365,0
DA:366,0
DA:367,0
DA:370,0
DA:372,0
DA:373,0
DA:376,0
DA:378,0
DA:380,0
DA:383,0
DA:384,0
DA:385,0
DA:386,0
DA:387,0
DA:391,0
DA:392,0
DA:393,0
DA:394,0
DA:395,0
DA:396,0
DA:397,0
DA:399,0
DA:403,0
DA:404,0
DA:405,0
DA:411,0
DA:412,0
DA:418,0
DA:419,0
DA:420,0
DA:423,0
DA:425,0
DA:431,0
DA:432,0
DA:433,0
DA:434,0
DA:435,0
DA:436,0
DA:440,0
DA:453,0
DA:454,0
DA:455,0
DA:457,0
DA:458,0
DA:464,0
DA:465,0
DA:466,0
DA:467,0
DA:469,0
DA:470,0
DA:471,0
DA:473,0
DA:477,0
DA:487,0
DA:488,0
DA:490,0
DA:492,0
DA:493,0
DA:496,0
DA:497,0
DA:498,0
DA:499,0
DA:501,0
DA:506,0
DA:513,0
DA:514,0
DA:515,0
DA:517,0
DA:518,0
DA:520,0
DA:523,0
DA:524,0
DA:525,0
DA:529,0
DA:531,0
DA:533,0
DA:535,0
DA:537,0
DA:538,0
DA:539,0
DA:540,0
DA:541,0
DA:545,0
DA:546,0
DA:551,0
DA:552,0
DA:554,0
DA:555,0
DA:557,0
DA:560,0
DA:561,0
DA:563,0
DA:564,0
DA:565,0
DA:567,0
DA:569,0
DA:583,0
DA:584,0
DA:585,0
DA:587,0
DA:588,0
DA:590,0
DA:592,0
DA:593,0
DA:594,0
DA:595,0
DA:597,0
DA:602,0
DA:604,0
DA:606,0
DA:607,0
DA:609,0
DA:619,0
DA:620,0
DA:622,0
DA:623,0
DA:624,0
DA:625,0
DA:627,0
DA:629,0
DA:635,0
DA:637,0
DA:638,0
DA:639,0
DA:644,0
DA:646,0
DA:647,0
DA:648,0
LF:132
LH:1
end_of_record
SF:lib\features\order\presentation\view\order-form_view.dart
DA:457,3
DA:459,0
DA:461,0
DA:462,0
DA:469,3
DA:471,0
DA:472,0
DA:487,0
DA:489,0
DA:490,0
DA:493,0
DA:494,0
DA:495,0
DA:496,0
DA:497,0
DA:498,0
DA:499,0
DA:500,0
DA:501,0
DA:505,0
DA:507,0
DA:508,0
DA:510,0
DA:512,0
DA:516,0
DA:518,0
DA:521,0
DA:522,0
DA:523,0
DA:524,0
DA:525,0
DA:528,0
DA:529,0
DA:530,0
DA:531,0
DA:532,0
DA:533,0
DA:534,0
DA:535,0
DA:537,0
DA:538,0
DA:539,0
DA:545,0
DA:546,0
DA:547,0
DA:549,0
DA:550,0
DA:551,0
DA:556,0
DA:557,0
DA:558,0
DA:559,0
DA:560,0
DA:565,0
DA:566,0
DA:567,0
DA:570,0
DA:571,0
DA:573,0
DA:574,0
DA:576,0
DA:577,0
DA:578,0
DA:579,0
DA:580,0
DA:582,0
DA:583,0
DA:584,0
DA:588,0
DA:589,0
DA:590,0
DA:591,0
DA:592,0
DA:605,0
DA:606,0
DA:607,0
DA:609,0
DA:610,0
DA:618,0
DA:620,0
DA:623,0
DA:625,0
DA:627,0
DA:632,0
DA:633,0
DA:634,0
DA:638,0
DA:642,0
DA:650,0
DA:651,0
DA:653,0
DA:654,0
DA:655,0
DA:656,0
DA:658,0
DA:661,0
DA:662,0
DA:664,0
DA:667,0
DA:668,0
DA:669,0
DA:671,0
DA:672,0
DA:674,0
DA:675,0
DA:679,0
DA:680,0
DA:682,0
DA:683,0
DA:685,0
DA:686,0
DA:687,0
DA:692,0
DA:693,0
DA:694,0
DA:697,0
DA:698,0
DA:700,0
DA:703,0
DA:708,0
DA:710,0
DA:712,0
DA:714,0
DA:715,0
DA:716,0
DA:718,0
DA:723,0
DA:733,0
DA:734,0
DA:737,0
DA:739,0
DA:740,0
DA:742,0
DA:744,0
DA:745,0
DA:748,0
DA:750,0
DA:754,0
DA:755,0
DA:756,0
DA:757,0
DA:759,0
DA:760,0
DA:761,0
DA:762,0
DA:767,0
DA:769,0
DA:770,0
DA:771,0
DA:772,0
DA:774,0
DA:783,0
DA:786,0
DA:787,0
DA:789,0
DA:791,0
DA:792,0
DA:793,0
LF:158
LH:2
end_of_record
SF:lib\features\home\presentation\view\home_view.dart
DA:308,4
DA:310,1
DA:311,1
DA:315,1
DA:317,1
DA:318,3
DA:321,1
DA:323,1
DA:325,1
DA:326,0
DA:327,1
DA:328,1
DA:329,0
DA:332,1
DA:333,2
DA:337,2
DA:338,1
DA:341,0
DA:344,1
DA:345,0
DA:348,1
DA:350,1
DA:351,1
DA:353,1
DA:356,1
DA:357,2
DA:358,2
DA:359,0
DA:360,2
DA:361,0
DA:370,1
DA:371,1
DA:372,0
DA:373,0
DA:375,1
DA:378,1
DA:380,1
DA:382,1
DA:383,1
DA:386,3
DA:394,1
DA:396,1
DA:403,2
DA:404,1
DA:407,0
DA:408,0
DA:411,1
DA:414,3
DA:415,1
DA:418,1
DA:426,0
DA:435,1
DA:442,1
DA:447,1
DA:449,1
DA:452,1
DA:453,1
DA:454,3
DA:456,1
DA:457,1
DA:458,1
DA:461,0
DA:462,0
DA:476,1
DA:482,1
DA:486,1
DA:488,1
DA:489,1
DA:491,1
DA:493,1
DA:494,1
DA:495,1
DA:503,1
DA:505,1
DA:508,3
DA:509,1
DA:510,1
DA:513,2
DA:524,1
DA:525,1
DA:526,1
DA:528,1
DA:531,1
DA:533,1
DA:534,0
DA:535,1
LF:86
LH:72
end_of_record
SF:lib\features\explore\presentation\view\explore_view.dart
DA:244,3
DA:246,0
DA:247,0
DA:254,0
DA:256,0
DA:257,0
DA:260,0
DA:262,0
DA:263,0
DA:267,0
DA:269,0
DA:272,0
DA:273,0
DA:274,0
DA:276,0
DA:277,0
DA:278,0
DA:283,0
DA:285,0
DA:287,0
DA:293,0
DA:294,0
DA:295,0
DA:296,0
DA:298,0
DA:299,0
DA:302,0
DA:303,0
DA:304,0
DA:308,0
DA:309,0
DA:310,0
DA:311,0
DA:321,0
DA:322,0
DA:323,0
DA:325,0
DA:327,0
DA:328,0
DA:329,0
DA:332,0
DA:334,0
DA:342,0
DA:343,0
DA:345,0
DA:346,0
DA:347,0
DA:349,0
DA:350,0
DA:351,0
DA:353,0
DA:354,0
DA:355,0
DA:356,0
DA:358,0
DA:362,0
DA:367,0
DA:370,0
DA:371,0
DA:373,0
DA:375,0
DA:376,0
DA:377,0
DA:380,0
DA:382,0
DA:386,0
DA:387,0
DA:392,0
DA:393,0
DA:395,0
DA:396,0
DA:397,0
DA:407,0
DA:408,0
DA:410,0
DA:411,0
DA:412,0
DA:414,0
DA:420,0
DA:421,0
DA:422,0
DA:423,0
DA:424,0
DA:425,0
DA:426,0
DA:429,0
DA:431,0
DA:433,0
DA:434,0
DA:435,0
DA:436,0
DA:437,0
DA:439,0
DA:442,0
DA:444,0
DA:446,0
DA:450,0
DA:451,0
DA:452,0
DA:454,0
DA:455,0
DA:457,0
DA:458,0
DA:459,0
DA:462,0
DA:464,0
DA:474,0
DA:475,0
DA:476,0
DA:478,0
DA:480,0
DA:481,0
DA:482,0
DA:483,0
DA:484,0
DA:492,0
DA:499,0
DA:500,0
DA:501,0
DA:503,0
DA:510,0
DA:511,0
DA:512,0
DA:515,0
DA:516,0
DA:517,0
DA:518,0
DA:527,0
DA:528,0
DA:529,0
DA:531,0
DA:533,0
DA:535,0
DA:538,0
DA:540,0
DA:543,0
DA:544,0
DA:545,0
DA:548,0
DA:557,0
DA:558,0
DA:559,0
DA:561,0
DA:564,0
DA:566,0
DA:569,0
DA:570,0
DA:571,0
LF:148
LH:1
end_of_record
SF:lib\features\profile\presentation\view\profile_view.dart
DA:356,3
DA:358,0
DA:359,0
DA:363,0
DA:365,0
DA:367,0
DA:371,0
DA:372,0
DA:375,0
DA:376,0
DA:380,0
DA:381,0
DA:383,0
DA:385,0
DA:387,0
DA:388,0
DA:389,0
DA:390,0
DA:400,0
DA:402,0
DA:404,0
DA:410,0
DA:411,0
DA:413,0
DA:414,0
DA:415,0
DA:416,0
DA:420,0
DA:422,0
DA:423,0
DA:426,0
DA:427,0
DA:430,0
DA:431,0
DA:434,0
DA:441,0
DA:444,0
DA:445,0
DA:447,0
DA:448,0
DA:449,0
DA:451,0
DA:452,0
DA:454,0
DA:455,0
DA:456,0
DA:459,0
DA:461,0
DA:462,0
DA:467,0
DA:468,0
DA:471,0
DA:474,0
DA:475,0
DA:476,0
DA:478,0
DA:480,0
DA:481,0
DA:483,0
DA:486,0
DA:487,0
DA:490,0
DA:493,0
DA:494,0
DA:505,0
DA:506,0
DA:509,0
DA:511,0
DA:513,0
DA:514,0
DA:515,0
DA:518,0
DA:519,0
DA:520,0
DA:524,0
DA:525,0
DA:526,0
DA:530,0
DA:532,0
DA:537,0
DA:546,0
DA:547,0
DA:548,0
DA:549,0
DA:550,0
DA:553,0
DA:555,0
DA:559,0
DA:560,0
DA:563,0
DA:565,0
DA:573,0
DA:574,0
DA:576,0
DA:578,0
DA:579,0
DA:580,0
DA:581,0
DA:583,0
DA:585,0
DA:593,0
DA:594,0
DA:597,0
DA:598,0
DA:599,0
DA:601,0
DA:602,0
DA:604,0
DA:607,0
DA:608,0
DA:609,0
DA:610,0
DA:611,0
DA:612,0
DA:614,0
DA:616,0
DA:619,0
DA:626,0
DA:627,0
DA:628,0
DA:630,0
DA:633,0
DA:635,0
DA:638,0
DA:639,0
DA:640,0
DA:657,0
LF:127
LH:1
end_of_record
SF:lib\features\notification\presentation\view\notification_view.dart
DA:209,3
DA:211,0
DA:213,0
DA:214,0
DA:215,0
DA:217,0
DA:221,0
DA:222,0
DA:223,0
DA:224,0
DA:225,0
DA:226,0
DA:227,0
DA:237,0
DA:238,0
DA:240,0
DA:241,0
DA:242,0
DA:243,0
DA:249,0
DA:250,0
DA:251,0
DA:256,0
DA:257,0
DA:260,0
DA:261,0
DA:264,0
DA:278,0
DA:279,0
DA:280,0
DA:281,0
DA:282,0
DA:283,0
DA:289,0
DA:290,0
DA:292,0
DA:293,0
DA:294,0
DA:295,0
DA:308,0
DA:309,0
DA:310,0
DA:312,0
DA:314,0
DA:322,0
DA:324,0
DA:330,0
DA:332,0
DA:334,0
DA:339,0
DA:340,0
DA:341,0
DA:345,0
DA:349,0
DA:350,0
DA:362,0
DA:364,0
DA:366,0
DA:368,0
DA:369,0
DA:370,0
DA:371,0
DA:373,0
DA:374,0
DA:375,0
DA:379,0
DA:381,0
DA:382,0
DA:384,0
DA:385,0
DA:386,0
DA:387,0
DA:390,0
DA:391,0
DA:393,0
DA:394,0
DA:396,0
DA:400,0
DA:413,0
DA:415,0
DA:417,0
DA:419,0
LF:82
LH:1
end_of_record
SF:lib\services\shake_detection_service.dart
DA:7,0
DA:8,0
DA:9,0
DA:22,0
DA:23,0
DA:24,0
DA:27,0
DA:28,0
DA:30,0
DA:31,0
DA:32,0
DA:34,0
DA:35,0
DA:40,0
DA:41,0
DA:42,0
DA:43,0
DA:44,0
DA:45,0
DA:46,0
DA:49,0
DA:50,0
DA:51,0
DA:53,0
DA:54,0
DA:55,0
DA:56,0
DA:57,0
DA:59,0
DA:60,0
DA:61,0
DA:65,0
DA:66,0
DA:67,0
DA:68,0
DA:71,0
DA:72,0
DA:73,0
DA:74,0
DA:76,0
DA:77,0
DA:79,0
DA:80,0
LF:43
LH:0
end_of_record
SF:lib\features\home\presentation\view\featured_product_page.dart
DA:82,0
DA:87,0
DA:89,0
DA:90,0
DA:96,0
DA:97,0
DA:98,0
DA:100,0
DA:101,0
DA:102,0
DA:103,0
DA:105,0
DA:112,0
DA:113,0
DA:116,0
DA:117,0
DA:119,0
DA:120,0
DA:131,0
LF:19
LH:0
end_of_record
SF:lib\features\home\presentation\view\ribbon_product_page.dart
DA:84,0
DA:91,0
DA:93,0
DA:94,0
DA:95,0
DA:101,0
DA:102,0
DA:103,0
DA:105,0
DA:107,0
DA:108,0
DA:110,0
DA:117,0
DA:118,0
DA:121,0
DA:122,0
DA:124,0
DA:125,0
LF:18
LH:0
end_of_record
SF:lib\features\home\presentation\view\search_view.dart
DA:13,3
DA:15,0
DA:16,0
DA:22,0
DA:24,0
DA:25,0
DA:28,0
DA:30,0
DA:32,0
DA:36,0
DA:37,0
DA:41,0
DA:42,0
DA:44,0
DA:46,0
DA:47,0
DA:49,0
DA:50,0
DA:51,0
DA:58,0
DA:59,0
DA:60,0
DA:61,0
DA:62,0
DA:64,0
DA:66,0
DA:72,0
DA:73,0
DA:74,0
DA:76,0
DA:77,0
DA:78,0
DA:80,0
DA:84,0
DA:90,0
DA:92,0
DA:95,0
DA:98,0
DA:105,0
DA:111,0
DA:112,0
DA:113,0
DA:114,0
DA:116,0
DA:117,0
DA:118,0
DA:119,0
DA:121,0
DA:125,0
DA:130,0
DA:131,0
DA:132,0
DA:134,0
DA:135,0
DA:137,0
DA:139,0
DA:142,0
DA:149,0
DA:150,0
DA:153,0
DA:154,0
DA:155,0
DA:160,0
DA:166,0
DA:167,0
DA:168,0
DA:170,0
DA:172,0
DA:174,0
DA:177,0
DA:179,0
DA:181,0
DA:182,0
DA:183,0
DA:186,0
LF:75
LH:1
end_of_record
SF:lib\features\order\domain\entity\payment_method_entity.dart
DA:7,3
LF:1
LH:1
end_of_record
SF:lib\features\order\presentation\view\bank_transfer_view.dart
DA:496,0
DA:504,0
DA:506,0
DA:507,0
DA:508,0
DA:509,0
DA:510,0
DA:511,0
DA:512,0
DA:514,0
DA:515,0
DA:516,0
DA:517,0
DA:518,0
DA:519,0
DA:520,0
DA:521,0
DA:522,0
DA:523,0
DA:524,0
DA:529,0
DA:530,0
DA:532,0
DA:533,0
DA:534,0
DA:536,0
DA:547,3
DA:549,0
DA:551,0
DA:552,0
DA:554,0
DA:556,0
DA:562,0
DA:563,0
DA:565,0
DA:567,0
DA:569,0
DA:570,0
DA:572,0
DA:574,0
DA:576,0
DA:578,0
DA:579,0
DA:580,0
DA:581,0
DA:582,0
DA:583,0
DA:589,0
DA:592,0
DA:593,0
DA:594,0
DA:595,0
DA:597,0
DA:599,0
DA:600,0
DA:601,0
DA:603,0
DA:604,0
DA:605,0
DA:609,0
DA:612,0
DA:614,0
DA:615,0
DA:628,0
DA:631,0
DA:632,0
DA:634,0
DA:635,0
DA:647,0
DA:648,0
DA:649,0
DA:659,0
DA:660,0
DA:662,0
DA:664,0
DA:665,0
DA:666,0
DA:668,0
DA:680,3
DA:682,0
DA:684,0
DA:688,0
DA:689,0
DA:690,0
DA:691,0
DA:692,0
LF:86
LH:2
end_of_record
SF:lib\features\order\presentation\view\order_fail_view.dart
DA:16,0
DA:27,0
DA:28,0
DA:34,0
DA:36,0
DA:37,0
DA:38,0
DA:39,0
DA:40,0
DA:46,0
DA:48,0
DA:50,0
DA:51,0
DA:53,0
DA:55,0
DA:57,0
DA:58,0
DA:61,0
DA:64,0
DA:71,0
DA:72,0
DA:75,0
DA:76,0
DA:77,0
DA:79,0
DA:82,0
DA:83,0
DA:85,0
DA:88,0
DA:90,0
DA:101,0
DA:102,0
DA:103,0
DA:104,0
DA:106,0
DA:109,0
DA:113,0
DA:114,0
DA:115,0
DA:116,0
DA:117,0
DA:118,0
DA:119,0
DA:120,0
DA:128,0
DA:130,0
DA:133,0
DA:134,0
DA:135,0
DA:136,0
DA:145,0
DA:146,0
DA:148,0
DA:150,0
DA:151,0
DA:153,0
DA:155,0
DA:156,0
DA:158,0
DA:160,0
DA:162,0
DA:168,0
DA:169,0
DA:171,0
DA:172,0
DA:174,0
LF:66
LH:0
end_of_record
SF:lib\features\order\presentation\view\order_success_view.dart
DA:10,0
DA:17,0
DA:18,0
DA:24,0
DA:26,0
DA:27,0
DA:28,0
DA:29,0
DA:30,0
DA:36,0
DA:38,0
DA:40,0
DA:41,0
DA:43,0
DA:45,0
DA:47,0
DA:48,0
DA:51,0
DA:54,0
DA:58,0
DA:59,0
DA:62,0
DA:63,0
DA:64,0
DA:66,0
DA:67,0
DA:69,0
DA:72,0
DA:74,0
DA:85,0
DA:86,0
DA:88,0
DA:90,0
DA:91,0
DA:93,0
DA:94,0
DA:95,0
DA:97,0
DA:98,0
DA:99,0
DA:103,0
DA:105,0
DA:106,0
DA:107,0
DA:115,0
DA:116,0
DA:117,0
DA:118,0
DA:120,0
DA:123,0
DA:124,0
DA:125,0
DA:126,0
DA:132,0
DA:134,0
DA:137,0
DA:138,0
DA:139,0
DA:140,0
LF:59
LH:0
end_of_record
SF:lib\features\order\presentation\view_model\bank_transfer\bank_transfer_event.dart
DA:4,0
DA:5,0
DA:6,0
LF:3
LH:0
end_of_record
SF:lib\features\order\presentation\view_model\bank_transfer\bank_transfer_state.dart
DA:13,3
DA:20,0
DA:26,0
DA:27,0
DA:28,0
DA:29,0
DA:30,0
DA:34,0
DA:35,0
LF:9
LH:1
end_of_record
SF:lib\features\order\presentation\view_model\bank_transfer\bank_transfer_viewmodel.dart
DA:18,0
DA:25,0
DA:26,0
DA:27,0
DA:30,0
DA:32,0
DA:34,0
DA:35,0
DA:40,0
DA:44,0
DA:45,0
DA:46,0
DA:50,0
DA:52,0
DA:53,0
DA:54,0
DA:55,0
DA:56,0
DA:57,0
DA:60,0
DA:62,0
DA:63,0
DA:64,0
LF:23
LH:0
end_of_record
SF:lib\features\order\presentation\view\payment_method_view.dart
DA:486,0
DA:494,0
DA:496,0
DA:497,0
DA:498,0
DA:499,0
DA:500,0
DA:501,0
DA:502,0
DA:503,0
DA:504,0
DA:505,0
DA:506,0
DA:507,0
DA:508,0
DA:509,0
DA:510,0
DA:511,0
DA:512,0
DA:513,0
DA:514,0
DA:515,0
DA:521,0
DA:522,0
DA:524,0
DA:525,0
DA:526,0
DA:528,0
DA:532,0
DA:533,0
DA:534,0
DA:535,0
DA:536,0
DA:537,0
DA:538,0
DA:539,0
DA:552,3
DA:554,0
DA:556,0
DA:557,0
DA:558,0
DA:560,0
DA:562,0
DA:563,0
DA:564,0
DA:565,0
DA:566,0
DA:568,0
DA:570,0
DA:576,0
DA:577,0
DA:579,0
DA:580,0
DA:581,0
DA:582,0
DA:584,0
DA:585,0
DA:586,0
DA:587,0
DA:588,0
DA:590,0
DA:593,0
DA:594,0
DA:595,0
DA:596,0
DA:597,0
DA:601,0
DA:604,0
DA:605,0
DA:608,0
DA:613,0
DA:614,0
DA:615,0
DA:616,0
DA:617,0
DA:624,0
DA:625,0
DA:632,0
DA:634,0
DA:637,0
DA:638,0
DA:640,0
DA:641,0
DA:644,0
DA:651,0
DA:652,0
DA:653,0
DA:667,3
DA:669,0
DA:671,0
DA:675,0
DA:676,0
DA:677,0
DA:678,0
DA:679,0
LF:95
LH:2
end_of_record
SF:lib\features\order\presentation\view\order_history_view.dart
DA:1288,0
DA:1290,0
DA:1291,0
DA:1302,0
DA:1304,0
DA:1305,0
DA:1306,0
DA:1307,0
DA:1308,0
DA:1311,0
DA:1312,0
DA:1313,0
DA:1314,0
DA:1317,0
DA:1319,0
DA:1320,0
DA:1321,0
DA:1324,0
DA:1325,0
DA:1326,0
DA:1328,0
DA:1329,0
DA:1330,0
DA:1331,0
DA:1332,0
DA:1335,0
DA:1336,0
DA:1337,0
DA:1339,0
DA:1341,0
DA:1342,0
DA:1344,0
DA:1346,0
DA:1349,0
DA:1353,0
DA:1354,0
DA:1356,0
DA:1358,0
DA:1360,0
DA:1362,0
DA:1364,0
DA:1371,0
DA:1372,0
DA:1374,0
DA:1376,0
DA:1378,0
DA:1380,0
DA:1382,0
DA:1389,0
DA:1391,0
DA:1393,0
DA:1395,0
DA:1400,0
DA:1401,0
DA:1403,0
DA:1404,0
DA:1405,0
DA:1411,0
DA:1412,0
DA:1413,0
DA:1414,0
DA:1417,0
DA:1418,0
DA:1419,0
DA:1420,0
DA:1421,0
DA:1423,0
DA:1424,0
DA:1425,0
DA:1426,0
DA:1427,0
DA:1428,0
DA:1429,0
DA:1439,0
DA:1440,0
DA:1443,0
DA:1445,0
DA:1446,0
DA:1447,0
DA:1449,0
DA:1450,0
DA:1451,0
DA:1455,0
DA:1457,0
DA:1458,0
DA:1462,0
DA:1463,0
DA:1464,0
DA:1467,0
DA:1468,0
DA:1469,0
DA:1475,0
DA:1477,0
DA:1485,0
DA:1490,0
DA:1491,0
DA:1493,0
DA:1494,0
DA:1495,0
DA:1496,0
DA:1497,0
DA:1498,0
DA:1499,0
DA:1500,0
DA:1502,0
DA:1503,0
DA:1504,0
DA:1513,0
DA:1514,0
DA:1515,0
DA:1516,0
DA:1518,0
DA:1520,0
DA:1522,0
DA:1523,0
DA:1527,0
DA:1528,0
DA:1529,0
DA:1535,0
DA:1536,0
DA:1538,0
DA:1540,0
DA:1541,0
DA:1547,0
DA:1548,0
DA:1549,0
DA:1551,0
DA:1552,0
DA:1553,0
DA:1555,0
DA:1558,0
DA:1559,0
DA:1561,0
DA:1562,0
DA:1563,0
DA:1569,0
DA:1570,0
DA:1571,0
DA:1572,0
DA:1579,0
DA:1581,0
DA:1583,0
DA:1585,0
DA:1586,0
DA:1599,0
DA:1601,0
DA:1603,0
DA:1605,0
DA:1606,0
DA:1607,0
DA:1617,0
DA:1619,0
DA:1620,0
DA:1621,0
DA:1623,0
DA:1624,0
DA:1625,0
DA:1637,0
DA:1639,0
DA:1642,0
DA:1644,0
DA:1645,0
DA:1646,0
DA:1647,0
DA:1649,0
DA:1650,0
DA:1652,0
DA:1654,0
DA:1656,0
DA:1657,0
DA:1665,0
DA:1667,0
DA:1669,0
DA:1670,0
DA:1676,0
DA:1679,0
DA:1681,0
DA:1682,0
DA:1684,0
DA:1690,0
DA:1691,0
DA:1692,0
DA:1704,0
DA:1707,0
DA:1708,0
DA:1709,0
DA:1710,0
DA:1712,0
DA:1718,0
DA:1719,0
DA:1721,0
DA:1729,0
DA:1732,0
DA:1734,0
DA:1737,0
DA:1739,0
DA:1740,0
DA:1743,0
DA:1747,0
DA:1748,0
DA:1761,0
DA:1762,0
DA:1765,0
DA:1767,0
DA:1768,0
DA:1770,0
DA:1771,0
DA:1773,0
DA:1774,0
DA:1775,0
DA:1776,0
DA:1780,0
DA:1783,0
DA:1784,0
DA:1785,0
DA:1787,0
DA:1794,0
DA:1795,0
DA:1797,0
DA:1798,0
DA:1799,0
DA:1808,0
DA:1809,0
DA:1810,0
DA:1812,0
DA:1813,0
DA:1817,0
DA:1819,0
DA:1820,0
DA:1821,0
DA:1823,0
DA:1824,0
DA:1825,0
DA:1835,0
DA:1836,0
DA:1837,0
DA:1838,0
DA:1847,0
DA:1849,0
DA:1850,0
DA:1851,0
DA:1852,0
DA:1858,0
DA:1859,0
DA:1860,0
DA:1861,0
DA:1872,0
DA:1873,0
DA:1875,0
DA:1877,0
DA:1878,0
DA:1880,0
DA:1882,0
DA:1883,0
DA:1884,0
DA:1885,0
DA:1887,0
DA:1889,0
DA:1891,0
DA:1898,0
DA:1900,0
DA:1911,0
DA:1912,0
DA:1914,0
DA:1916,0
DA:1917,0
DA:1919,0
DA:1921,0
DA:1922,0
DA:1923,0
DA:1924,0
DA:1926,0
DA:1928,0
DA:1930,0
DA:1937,0
DA:1938,0
DA:1939,0
DA:1946,0
DA:1947,0
DA:1948,0
DA:1950,0
DA:1953,0
DA:1954,0
DA:1955,0
DA:1957,0
DA:1960,0
DA:1961,0
DA:1963,0
DA:1964,0
DA:1965,0
DA:1967,0
DA:1968,0
DA:1969,0
DA:1971,0
DA:1982,0
DA:1983,0
DA:1984,0
DA:1986,0
DA:1987,0
DA:1990,0
DA:1993,0
DA:1995,0
DA:1998,0
DA:2002,0
DA:2003,0
DA:2005,0
DA:2006,0
DA:2008,0
DA:2013,0
DA:2014,0
DA:2015,0
DA:2016,0
DA:2019,0
DA:2030,0
DA:2031,0
DA:2033,0
DA:2034,0
DA:2037,0
DA:2041,0
DA:2046,0
DA:2047,0
DA:2049,0
DA:2053,0
DA:2054,0
DA:2055,0
DA:2060,0
DA:2062,0
DA:2063,0
DA:2064,0
DA:2065,0
DA:2067,0
DA:2068,0
DA:2070,0
DA:2076,0
DA:2077,0
DA:2078,0
DA:2080,0
DA:2086,0
DA:2087,0
DA:2088,0
DA:2095,0
DA:2096,0
DA:2099,0
DA:2101,0
DA:2103,0
DA:2108,0
DA:2109,0
DA:2110,0
DA:2117,0
DA:2119,0
DA:2122,0
DA:2124,0
DA:2127,0
DA:2129,0
DA:2141,0
DA:2142,0
DA:2143,0
DA:2144,0
DA:2145,0
DA:2148,0
DA:2150,0
DA:2152,0
DA:2153,0
DA:2155,0
DA:2157,0
DA:2158,0
DA:2160,0
DA:2163,0
DA:2167,0
DA:2168,0
DA:2169,0
DA:2170,0
DA:2171,0
DA:2172,0
DA:2173,0
DA:2175,0
DA:2176,0
DA:2177,0
DA:2178,0
DA:2181,0
DA:2182,0
DA:2185,0
DA:2186,0
DA:2191,0
DA:2192,0
DA:2193,0
DA:2195,0
DA:2201,0
DA:2204,0
DA:2205,0
DA:2206,0
DA:2208,0
DA:2211,0
DA:2212,0
DA:2217,0
DA:2224,0
DA:2225,0
DA:2228,0
DA:2230,0
DA:2231,0
DA:2233,0
DA:2234,0
DA:2235,0
DA:2236,0
DA:2237,0
DA:2238,0
DA:2242,0
DA:2245,0
DA:2246,0
DA:2247,0
DA:2249,0
DA:2254,0
DA:2255,0
DA:2257,0
DA:2258,0
DA:2259,0
DA:2266,0
DA:2267,0
DA:2268,0
DA:2269,0
DA:2274,0
DA:2275,0
DA:2276,0
DA:2278,0
DA:2279,0
DA:2283,0
DA:2284,0
DA:2285,0
DA:2296,0
DA:2298,0
DA:2299,0
DA:2301,0
DA:2302,0
DA:2303,0
DA:2305,0
DA:2306,0
DA:2307,0
DA:2315,0
DA:2316,0
DA:2317,0
DA:2323,0
DA:2324,0
DA:2325,0
DA:2326,0
DA:2337,0
DA:2338,0
DA:2340,0
DA:2342,0
DA:2344,0
DA:2345,0
DA:2347,0
DA:2349,0
DA:2350,0
DA:2352,0
DA:2359,0
DA:2361,0
DA:2363,0
DA:2367,0
DA:2369,0
DA:2371,0
DA:2374,0
DA:2375,0
DA:2377,0
DA:2378,0
DA:2380,0
DA:2386,0
DA:2387,0
DA:2388,0
DA:2397,0
DA:2399,0
DA:2401,0
DA:2403,0
DA:2404,0
DA:2405,0
DA:2407,0
DA:2408,0
DA:2409,0
DA:2419,0
DA:2421,0
DA:2423,0
DA:2425,0
DA:2426,0
DA:2427,0
DA:2428,0
DA:2429,0
DA:2431,0
DA:2432,0
DA:2433,0
DA:2434,0
DA:2449,0
DA:2450,0
DA:2452,0
DA:2454,0
DA:2455,0
DA:2457,0
DA:2459,0
DA:2460,0
DA:2461,0
DA:2462,0
DA:2464,0
DA:2466,0
DA:2475,0
DA:2476,0
DA:2483,0
DA:2484,0
DA:2485,0
DA:2486,0
DA:2487,0
DA:2488,0
DA:2489,0
DA:2490,0
DA:2491,0
DA:2492,0
DA:2494,0
DA:2497,0
DA:2503,0
LF:516
LH:0
end_of_record
SF:lib\features\order\presentation\view_model\payment\payment_event.dart
DA:5,0
DA:6,0
DA:7,0
DA:12,0
DA:14,0
DA:15,0
DA:20,0
DA:22,0
DA:23,0
DA:31,0
DA:33,0
DA:34,0
DA:40,0
DA:42,0
DA:43,0
LF:15
LH:0
end_of_record
SF:lib\features\order\presentation\view_model\payment\payment_state.dart
DA:22,0
DA:35,0
DA:44,0
DA:45,0
DA:46,0
DA:47,0
DA:48,0
DA:49,0
DA:50,0
DA:51,0
DA:52,0
DA:53,0
DA:54,0
DA:58,0
DA:59,0
DA:60,0
DA:61,0
LF:17
LH:0
end_of_record
SF:lib\features\order\presentation\view_model\payment\payment_viewmodel.dart
DA:21,0
DA:30,0
DA:36,0
DA:37,0
DA:38,0
DA:39,0
DA:40,0
DA:43,0
DA:46,0
DA:47,0
DA:48,0
DA:59,0
DA:60,0
DA:63,0
DA:64,0
DA:65,0
DA:69,0
DA:70,0
DA:74,0
DA:75,0
DA:79,0
DA:82,0
DA:83,0
DA:84,0
DA:85,0
DA:86,0
DA:87,0
DA:89,0
DA:91,0
DA:92,0
DA:93,0
DA:94,0
DA:101,0
DA:102,0
DA:104,0
DA:109,0
DA:110,0
DA:111,0
DA:115,0
DA:117,0
DA:119,0
DA:122,0
DA:123,0
DA:125,0
DA:131,0
DA:133,0
DA:134,0
DA:139,0
DA:141,0
DA:142,0
DA:145,0
DA:146,0
DA:148,0
DA:149,0
DA:151,0
DA:152,0
DA:156,0
DA:157,0
DA:159,0
DA:165,0
DA:166,0
DA:167,0
DA:168,0
DA:169,0
DA:171,0
DA:173,0
DA:174,0
DA:176,0
DA:178,0
DA:182,0
DA:185,0
DA:186,0
DA:187,0
DA:189,0
DA:190,0
DA:193,0
DA:194,0
DA:196,0
DA:197,0
DA:198,0
DA:199,0
DA:200,0
DA:202,0
DA:205,0
DA:206,0
DA:208,0
DA:209,0
DA:210,0
DA:211,0
DA:212,0
DA:213,0
DA:221,0
DA:222,0
DA:223,0
DA:225,0
DA:231,0
DA:232,0
DA:234,0
DA:235,0
DA:237,0
DA:242,0
DA:244,0
DA:245,0
DA:246,0
DA:247,0
DA:249,0
DA:250,0
LF:107
LH:0
end_of_record
SF:lib\features\profile\presentation\view\change_password_view.dart
DA:362,3
DA:364,0
DA:366,0
DA:367,0
DA:374,3
DA:376,0
DA:377,0
DA:393,0
DA:395,0
DA:396,0
DA:397,0
DA:398,0
DA:400,0
DA:401,0
DA:402,0
DA:404,0
DA:407,0
DA:408,0
DA:409,0
DA:410,0
DA:411,0
DA:412,0
DA:415,0
DA:417,0
DA:418,0
DA:419,0
DA:420,0
DA:421,0
DA:422,0
DA:423,0
DA:428,0
DA:429,0
DA:430,0
DA:431,0
DA:432,0
DA:436,0
DA:437,0
DA:438,0
DA:439,0
DA:440,0
DA:448,0
DA:449,0
DA:450,0
DA:451,0
DA:453,0
DA:455,0
DA:456,0
DA:464,0
DA:465,0
DA:466,0
DA:473,0
DA:475,0
DA:477,0
DA:478,0
DA:479,0
DA:480,0
DA:481,0
DA:482,0
DA:483,0
DA:484,0
DA:496,0
DA:497,0
DA:498,0
DA:499,0
DA:500,0
DA:504,0
DA:507,0
DA:508,0
DA:509,0
DA:510,0
DA:511,0
DA:514,0
DA:519,0
DA:520,0
DA:521,0
DA:523,0
DA:524,0
DA:525,0
DA:526,0
DA:527,0
DA:529,0
DA:531,0
DA:533,0
DA:534,0
DA:535,0
DA:537,0
DA:552,0
DA:553,0
DA:555,0
DA:556,0
DA:557,0
DA:558,0
DA:564,0
DA:565,0
DA:567,0
DA:568,0
DA:571,0
DA:573,0
DA:576,0
DA:577,0
DA:580,0
DA:581,0
DA:583,0
DA:594,0
DA:595,0
DA:596,0
DA:597,0
DA:598,0
DA:600,0
DA:601,0
DA:604,0
DA:605,0
DA:607,0
DA:608,0
DA:609,0
DA:610,0
DA:611,0
DA:616,0
DA:617,0
DA:619,0
DA:620,0
DA:621,0
DA:622,0
DA:623,0
DA:631,0
DA:638,0
DA:642,0
DA:644,0
DA:645,0
DA:650,0
DA:651,0
DA:652,0
DA:659,0
DA:660,0
LF:134
LH:2
end_of_record
SF:lib\features\profile\presentation\view\edit_profile_view.dart
DA:505,0
DA:511,0
DA:513,0
DA:514,0
DA:523,0
DA:525,0
DA:526,0
DA:527,0
DA:529,0
DA:530,0
DA:531,0
DA:533,0
DA:534,0
DA:535,0
DA:537,0
DA:538,0
DA:541,0
DA:542,0
DA:543,0
DA:544,0
DA:545,0
DA:546,0
DA:549,0
DA:551,0
DA:552,0
DA:553,0
DA:554,0
DA:555,0
DA:556,0
DA:561,0
DA:562,0
DA:563,0
DA:564,0
DA:568,0
DA:569,0
DA:570,0
DA:576,0
DA:577,0
DA:578,0
DA:579,0
DA:581,0
DA:583,0
DA:584,0
DA:592,0
DA:593,0
DA:594,0
DA:601,0
DA:603,0
DA:604,0
DA:605,0
DA:606,0
DA:607,0
DA:608,0
DA:609,0
DA:613,0
DA:616,0
DA:617,0
DA:618,0
DA:619,0
DA:620,0
DA:623,0
DA:628,0
DA:630,0
DA:631,0
DA:632,0
DA:633,0
DA:634,0
DA:635,0
DA:636,0
DA:645,0
DA:646,0
DA:647,0
DA:648,0
DA:650,0
DA:651,0
DA:652,0
DA:654,0
DA:656,0
DA:667,0
DA:668,0
DA:669,0
DA:670,0
DA:671,0
DA:673,0
DA:674,0
DA:675,0
DA:676,0
DA:677,0
DA:680,0
DA:683,0
DA:685,0
DA:686,0
DA:687,0
DA:690,0
DA:691,0
DA:692,0
DA:701,0
DA:702,0
DA:703,0
DA:704,0
DA:705,0
DA:706,0
DA:707,0
DA:709,0
DA:711,0
DA:712,0
DA:714,0
DA:716,0
DA:720,0
DA:722,0
DA:723,0
DA:725,0
DA:727,0
DA:737,0
DA:738,0
DA:739,0
DA:740,0
DA:741,0
DA:742,0
DA:743,0
DA:745,0
DA:754,0
DA:762,0
DA:766,0
DA:767,0
DA:769,0
DA:773,0
DA:774,0
LF:128
LH:0
end_of_record
